number,value,datetime_start,datetime_complete,duration,params_colsample_bytree,params_learning_rate,params_max_depth,params_n_estimators,params_subsample,state
0,0.825618595647386,2026-03-29 19:00:44.816577,2026-03-29 19:00:45.255964,0 days 00:00:00.439387,0.7468055921327309,0.05395030966670229,6,175,0.8795975452591109,COMPLETE
1,0.8176020622324062,2026-03-29 19:00:45.256237,2026-03-29 19:00:45.464229,0 days 00:00:00.207992,0.9124217733388136,0.07348118405270448,3,131,0.8803345035229626,COMPLETE
2,0.8247097516530947,2026-03-29 19:00:45.464482,2026-03-29 19:00:45.737051,0 days 00:00:00.272569,0.7545474901621302,0.06798962421591129,6,104,0.7637017332034828,COMPLETE
3,0.8161531661884751,2026-03-29 19:00:45.737314,2026-03-29 19:00:45.993272,0 days 00:00:00.255958,0.7873687420594125,0.033477763085159346,4,136,0.8295835055926347,COMPLETE
4,0.8080095210346718,2026-03-29 19:00:45.993534,2026-03-29 19:00:46.335604,0 days 00:00:00.342070,0.8368209952651108,0.019594972058679168,3,222,0.8099085529881075,COMPLETE
5,0.814228909772394,2026-03-29 19:00:46.335880,2026-03-29 19:00:46.735906,0 days 00:00:00.400026,0.7139351238159993,0.032676417657817626,3,257,0.8777243706586128,COMPLETE
6,0.7977847791840948,2026-03-29 19:00:46.736171,2026-03-29 19:00:47.069911,0 days 00:00:00.333740,0.9896896099223678,0.011615865989246453,3,222,0.984665661176,COMPLETE
7,0.8121793194040465,2026-03-29 19:00:47.070172,2026-03-29 19:00:47.552901,0 days 00:00:00.482729,0.8320457481218804,0.012521954287060391,4,262,0.905269907953647,COMPLETE
8,0.8025555681756453,2026-03-29 19:00:47.553165,2026-03-29 19:00:47.783521,0 days 00:00:00.230356,0.777633994480005,0.01082401838150096,4,124,0.9727961206236346,COMPLETE
9,0.8213866735144372,2026-03-29 19:00:47.783778,2026-03-29 19:00:48.216856,0 days 00:00:00.433078,0.7554563366576581,0.03311829888072381,4,233,0.8640130838029839,COMPLETE
10,0.8260219556639786,2026-03-29 19:00:48.217120,2026-03-29 19:00:48.663501,0 days 00:00:00.446381,0.7046103211984313,0.04967270415089608,6,175,0.7053885626844458,COMPLETE
11,0.8256689662665001,2026-03-29 19:00:48.663763,2026-03-29 19:00:49.106626,0 days 00:00:00.442863,0.701121093343955,0.051587443579299286,6,175,0.7256755205223966,COMPLETE
12,0.8260871411710674,2026-03-29 19:00:49.106896,2026-03-29 19:00:49.598247,0 days 00:00:00.491351,0.7049307854865978,0.04739856723452094,6,175,0.7101223502561891,COMPLETE
13,0.8270234420910721,2026-03-29 19:00:49.598507,2026-03-29 19:00:50.007958,0 days 00:00:00.409451,0.8937569322109723,0.0990736692658567,5,183,0.7012946592526733,COMPLETE
14,0.824815134889555,2026-03-29 19:00:50.008230,2026-03-29 19:00:50.463651,0 days 00:00:00.455421,0.9010302779385576,0.0991806081510549,5,196,0.7626592465812574,COMPLETE
15,0.8249240736991295,2026-03-29 19:00:50.463924,2026-03-29 19:00:51.148422,0 days 00:00:00.684498,0.898256717587686,0.09908696623769005,5,294,0.7513611695432825,COMPLETE
16,0.8175785559434862,2026-03-29 19:00:51.148698,2026-03-29 19:00:51.552910,0 days 00:00:00.404212,0.9531940305133584,0.018146344356832583,5,164,0.7991739003955978,COMPLETE
17,0.8266087239936988,2026-03-29 19:00:51.553179,2026-03-29 19:00:52.025246,0 days 00:00:00.472067,0.8676417264468649,0.07218511031801018,5,203,0.704114613623662,COMPLETE
18,0.8259560787954509,2026-03-29 19:00:52.025587,2026-03-29 19:00:52.497363,0 days 00:00:00.471776,0.8724658911171471,0.07126371204316007,5,195,0.7364600488753812,COMPLETE
19,0.8257222010972894,2026-03-29 19:00:52.497637,2026-03-29 19:00:53.042895,0 days 00:00:00.545258,0.9412818280336237,0.09316866059282886,5,248,0.7858259924316928,COMPLETE
20,0.819718912192159,2026-03-29 19:00:53.043165,2026-03-29 19:00:53.391054,0 days 00:00:00.347889,0.8185394647541337,0.025122613896895813,5,153,0.9360346107488976,COMPLETE
21,0.8267867989471553,2026-03-29 19:00:53.391340,2026-03-29 19:00:53.938655,0 days 00:00:00.547315,0.868997460243296,0.042266659464835724,6,206,0.7006914731560391,COMPLETE
22,0.827133862389444,2026-03-29 19:00:53.938933,2026-03-29 19:00:54.474147,0 days 00:00:00.535214,0.881402962907471,0.04170123411685755,6,205,0.7011559673237453,COMPLETE
23,0.8259467947989867,2026-03-29 19:00:54.474406,2026-03-29 19:00:55.066306,0 days 00:00:00.591900,0.8685755341162423,0.04231349646013268,6,200,0.736830795535985,COMPLETE
24,0.8246055536076722,2026-03-29 19:00:55.066575,2026-03-29 19:00:55.629831,0 days 00:00:00.563256,0.9305855102771459,0.02587835970903758,6,215,0.7769795886008511,COMPLETE
25,0.8250580002864212,2026-03-29 19:00:55.630145,2026-03-29 19:00:56.042817,0 days 00:00:00.412672,0.9695940326906748,0.03972058263013046,6,152,0.7269144910845976,COMPLETE
26,0.8262742038232287,2026-03-29 19:00:56.043088,2026-03-29 19:00:56.772091,0 days 00:00:00.729003,0.8907741322679769,0.0601383936580421,6,276,0.8292385831981095,COMPLETE
27,0.8235519187749075,2026-03-29 19:00:56.772368,2026-03-29 19:00:57.301534,0 days 00:00:00.529166,0.8071470823333358,0.025658223602263934,5,237,0.7493496100090677,COMPLETE
28,0.8264803282979175,2026-03-29 19:00:57.301828,2026-03-29 19:00:57.810733,0 days 00:00:00.508905,0.85520576956422,0.04079871021669188,6,189,0.7004936421343384,COMPLETE
29,0.8271117388234017,2026-03-29 19:00:57.811011,2026-03-29 19:00:58.362903,0 days 00:00:00.551892,0.9325684837502812,0.057174653178760845,6,210,0.7296561335842701,COMPLETE
30,0.8264415132914237,2026-03-29 19:00:58.363176,2026-03-29 19:00:58.859313,0 days 00:00:00.496137,0.925208727259364,0.08451333623753819,6,188,0.7195382202882644,COMPLETE
31,0.8255289161921786,2026-03-29 19:00:58.859588,2026-03-29 19:00:59.415037,0 days 00:00:00.555449,0.8859517819721483,0.05891089079126042,6,209,0.742183428268801,COMPLETE
32,0.8258599795554546,2026-03-29 19:00:59.415303,2026-03-29 19:01:00.063669,0 days 00:00:00.648366,0.9101867334009248,0.08092787982600452,6,232,0.7237363239804002,COMPLETE
33,0.8262793396510602,2026-03-29 19:01:00.063936,2026-03-29 19:01:00.538801,0 days 00:00:00.474865,0.9197618274573899,0.05972574916615133,6,184,0.7808521354203841,COMPLETE
34,0.8253017545765657,2026-03-29 19:01:00.539070,2026-03-29 19:01:01.013442,0 days 00:00:00.474372,0.849702814193905,0.03677534940537898,5,214,0.7589800687257395,COMPLETE
35,0.825990054271873,2026-03-29 19:01:01.013722,2026-03-29 19:01:01.430352,0 days 00:00:00.416630,0.9662947029012023,0.045190863751152326,6,162,0.7014061064868532,COMPLETE
36,0.8259623998143201,2026-03-29 19:01:01.430614,2026-03-29 19:01:02.005250,0 days 00:00:00.574636,0.8829856026599202,0.056584078939145195,6,225,0.7174358859763983,COMPLETE
37,0.823658487202406,2026-03-29 19:01:02.005518,2026-03-29 19:01:02.469972,0 days 00:00:00.464454,0.9455954720766317,0.02911224185085529,5,211,0.7317668942708591,COMPLETE
38,0.8207377814211428,2026-03-29 19:01:02.470234,2026-03-29 19:01:02.684315,0 days 00:00:00.214081,0.8450675217402667,0.06806667234230039,4,110,0.8164025342031365,COMPLETE
39,0.8263752413592167,2026-03-29 19:01:02.684583,2026-03-29 19:01:03.346571,0 days 00:00:00.661988,0.9972932991360461,0.036545494871196064,6,242,0.7680954321293225,COMPLETE
40,0.8158560783016212,2026-03-29 19:01:03.346840,2026-03-29 19:01:03.630305,0 days 00:00:00.283465,0.824225527519479,0.029844059082403687,4,143,0.7456532180093932,COMPLETE
41,0.8259974617158603,2026-03-29 19:01:03.630641,2026-03-29 19:01:04.096672,0 days 00:00:00.466031,0.8622179002029302,0.07609534931916764,5,203,0.7142834078123612,COMPLETE
42,0.8261824502837052,2026-03-29 19:01:04.096946,2026-03-29 19:01:04.619244,0 days 00:00:00.522298,0.9097277358493546,0.0633430708739542,5,222,0.7004638376547653,COMPLETE
43,0.826997071590477,2026-03-29 19:01:04.619513,2026-03-29 19:01:05.021864,0 days 00:00:00.402351,0.8731286527413838,0.08832431394329421,5,179,0.7149141225288017,COMPLETE
44,0.8245603188163892,2026-03-29 19:01:05.022131,2026-03-29 19:01:05.373018,0 days 00:00:00.350887,0.8770887760128557,0.08461921807528427,4,181,0.7158735062808417,COMPLETE
45,0.8168012681544107,2026-03-29 19:01:05.373281,2026-03-29 19:01:05.659224,0 days 00:00:00.285943,0.836087996952106,0.050190903447627985,3,166,0.8937965783257761,COMPLETE
46,0.8252776556921269,2026-03-29 19:01:05.659578,2026-03-29 19:01:06.161094,0 days 00:00:00.501516,0.900211141932544,0.090346575831608,6,192,0.7285880903075848,COMPLETE
47,0.8257568679351504,2026-03-29 19:01:06.161369,2026-03-29 19:01:06.605867,0 days 00:00:00.444498,0.890802855019254,0.06563404577293722,5,179,0.8505248591850249,COMPLETE
48,0.8271988503646932,2026-03-29 19:01:06.606149,2026-03-29 19:01:07.181580,0 days 00:00:00.575431,0.8017346780437695,0.05357841961062493,6,226,0.7557326406139044,COMPLETE
49,0.8262403271127265,2026-03-29 19:01:07.181879,2026-03-29 19:01:07.753700,0 days 00:00:00.571821,0.7904351251084043,0.05351982600955657,5,259,0.7616516776535892,COMPLETE
50,0.8261375117901817,2026-03-29 19:01:07.753965,2026-03-29 19:01:08.336355,0 days 00:00:00.582390,0.7619058078688268,0.07487070277938006,6,225,0.7917244421445317,COMPLETE
51,0.8261300055802745,2026-03-29 19:01:08.336607,2026-03-29 19:01:08.870602,0 days 00:00:00.533995,0.8032188644470787,0.04600350906011842,6,206,0.7401092623664892,COMPLETE
52,0.8251868898118018,2026-03-29 19:01:08.870879,2026-03-29 19:01:09.316456,0 days 00:00:00.445577,0.8570902124858495,0.0352807940254383,6,171,0.7151409092621012,COMPLETE
53,0.8267330702867668,2026-03-29 19:01:09.316722,2026-03-29 19:01:09.950059,0 days 00:00:00.633337,0.7333313620169343,0.05238486658547543,6,248,0.7120193940161839,COMPLETE
54,0.8234173995920967,2026-03-29 19:01:09.950322,2026-03-29 19:01:10.512069,0 days 00:00:00.561747,0.843268148342474,0.09138708194784391,6,218,0.7523057921277284,COMPLETE
55,0.826436673761352,2026-03-29 19:01:10.512343,2026-03-29 19:01:11.013821,0 days 00:00:00.501478,0.9330108266411214,0.042298819268248335,6,196,0.736135584622168,COMPLETE
56,0.8252902977298652,2026-03-29 19:01:11.014090,2026-03-29 19:01:11.525440,0 days 00:00:00.511350,0.9151764965260668,0.046986036810163154,5,230,0.7221630772333504,COMPLETE
57,0.8245114296860725,2026-03-29 19:01:11.525709,2026-03-29 19:01:11.825729,0 days 00:00:00.300020,0.8772106520353472,0.07881156955814667,4,156,0.7084601828595558,COMPLETE
58,0.8223934933012015,2026-03-29 19:01:11.825997,2026-03-29 19:01:12.514228,0 days 00:00:00.688231,0.9044038328140445,0.09990352618747515,6,268,0.7682986985180149,COMPLETE
59,0.8169345033802636,2026-03-29 19:01:12.514500,2026-03-29 19:01:12.963361,0 days 00:00:00.448861,0.7747059105328271,0.013441088017194232,5,201,0.7297854561513024,COMPLETE
60,0.8257041269339601,2026-03-29 19:01:12.963629,2026-03-29 19:01:13.461325,0 days 00:00:00.497696,0.8145732111339726,0.03778593292507981,6,191,0.7533638874032085,COMPLETE
61,0.8274196909614369,2026-03-29 19:01:13.461601,2026-03-29 19:01:14.072055,0 days 00:00:00.610454,0.7361297485278206,0.05429480885554344,6,243,0.7089071052337818,COMPLETE
62,0.82704813357103,2026-03-29 19:01:14.072317,2026-03-29 19:01:14.679455,0 days 00:00:00.607138,0.7319303233486778,0.056107869049994714,6,244,0.9252010205333951,COMPLETE
63,0.8263866982059171,2026-03-29 19:01:14.679713,2026-03-29 19:01:15.298289,0 days 00:00:00.618576,0.7245138116580118,0.06842674763348798,6,249,0.955926993950241,COMPLETE
64,0.8257392876014202,2026-03-29 19:01:15.298560,2026-03-29 19:01:15.908789,0 days 00:00:00.610229,0.7396271272325616,0.05532881024934135,6,241,0.9814035688453776,COMPLETE
65,0.8258707450407162,2026-03-29 19:01:15.909056,2026-03-29 19:01:16.543240,0 days 00:00:00.634184,0.7139106335666809,0.049793530570652896,6,253,0.9474425108627639,COMPLETE
66,0.8249842221443069,2026-03-29 19:01:16.543514,2026-03-29 19:01:17.238773,0 days 00:00:00.695259,0.7537015547781492,0.06424654886296967,6,268,0.8665211526310594,COMPLETE
67,0.825844473306041,2026-03-29 19:01:17.239038,2026-03-29 19:01:17.966885,0 days 00:00:00.727847,0.7672616505149658,0.06169284731150613,6,287,0.7082961094172372,COMPLETE
68,0.8256240277729766,2026-03-29 19:01:17.967149,2026-03-29 19:01:18.491672,0 days 00:00:00.524523,0.7237566510162913,0.08681846703353699,5,238,0.8969802972618763,COMPLETE
69,0.8210423755179037,2026-03-29 19:01:18.491953,2026-03-29 19:01:18.858611,0 days 00:00:00.366658,0.7915057014446605,0.05756742666869585,3,230,0.8106914721944742,COMPLETE
70,0.825977708531894,2026-03-29 19:01:18.858884,2026-03-29 19:01:19.407283,0 days 00:00:00.548399,0.7495275054688586,0.05401067726994356,6,220,0.998290578010425,COMPLETE
71,0.8248820981832009,2026-03-29 19:01:19.407542,2026-03-29 19:01:19.912364,0 days 00:00:00.504822,0.8651002742571474,0.03263151108201299,6,197,0.9137033282728508,COMPLETE
72,0.8258543498980241,2026-03-29 19:01:19.912631,2026-03-29 19:01:20.448033,0 days 00:00:00.535402,0.8902918105590317,0.04361507606206956,6,211,0.9208751812869529,COMPLETE
73,0.8264059575602842,2026-03-29 19:01:20.448299,2026-03-29 19:01:20.980871,0 days 00:00:00.532572,0.8733082748343807,0.04093448709787196,6,206,0.7209937307616747,COMPLETE
74,0.8268408239053033,2026-03-29 19:01:20.981132,2026-03-29 19:01:21.455060,0 days 00:00:00.473928,0.9602216518147998,0.04860725412002587,6,184,0.7012991081250672,COMPLETE
75,0.8256560279310022,2026-03-29 19:01:21.455328,2026-03-29 19:01:21.888428,0 days 00:00:00.433100,0.9841824804235773,0.06974217478746936,6,168,0.7088886127989087,COMPLETE
76,0.8261624995678991,2026-03-29 19:01:21.888689,2026-03-29 19:01:22.377672,0 days 00:00:00.488983,0.9546644130908405,0.04797515981402378,6,186,0.734874481564407,COMPLETE
77,0.8253053101496799,2026-03-29 19:01:22.377946,2026-03-29 19:01:22.774610,0 days 00:00:00.396664,0.9727310474629268,0.08063829228985239,5,177,0.724694843144565,COMPLETE
78,0.8255066938602166,2026-03-29 19:01:22.774885,2026-03-29 19:01:23.214706,0 days 00:00:00.439821,0.9578821421231487,0.044450108785262496,6,172,0.7064478959410515,COMPLETE
79,0.823716561563267,2026-03-29 19:01:23.214965,2026-03-29 19:01:23.856788,0 days 00:00:00.641823,0.9449118144243142,0.021036986416891675,6,244,0.8264616734580971,COMPLETE
80,0.8239931061387957,2026-03-29 19:01:23.857042,2026-03-29 19:01:24.223491,0 days 00:00:00.366449,0.9810030610121305,0.039435700367340606,5,159,0.7429954664978662,COMPLETE
81,0.8256020029728542,2026-03-29 19:01:24.223750,2026-03-29 19:01:24.694978,0 days 00:00:00.471228,0.7401813712565225,0.05094906448881412,6,186,0.7010716259108322,COMPLETE
82,0.8267229961629439,2026-03-29 19:01:24.695245,2026-03-29 19:01:25.243810,0 days 00:00:00.548565,0.8300697209587068,0.05523736902718747,6,215,0.715648797184178,COMPLETE
83,0.827371493192559,2026-03-29 19:01:25.244070,2026-03-29 19:01:25.848281,0 days 00:00:00.604211,0.929530234774383,0.05959587432917818,6,234,0.7005405971537676,COMPLETE
84,0.8261132153739031,2026-03-29 19:01:25.848536,2026-03-29 19:01:26.426168,0 days 00:00:00.577632,0.9230404320667213,0.05897876559604935,6,224,0.7257273112405453,COMPLETE
85,0.823005842004158,2026-03-29 19:01:26.426422,2026-03-29 19:01:27.037200,0 days 00:00:00.610778,0.9402247542473449,0.09342080472579424,6,232,0.8436715283377436,COMPLETE
86,0.8255762250677782,2026-03-29 19:01:27.037468,2026-03-29 19:01:27.650179,0 days 00:00:00.612711,0.9284387856029774,0.06552697180764475,6,236,0.7137185823550006,COMPLETE
87,0.826440130568546,2026-03-29 19:01:27.650445,2026-03-29 19:01:28.305651,0 days 00:00:00.655206,0.8956804772962274,0.07254847920906207,6,253,0.731932257853306,COMPLETE
88,0.8274196909614369,2026-03-29 19:01:28.305917,2026-03-29 19:01:28.896229,0 days 00:00:00.590312,0.9379204386988339,0.04907265983979576,6,228,0.7004963472283665,COMPLETE
89,0.8259686220672695,2026-03-29 19:01:28.896481,2026-03-29 19:01:29.327707,0 days 00:00:00.431226,0.9352834365385166,0.06096309678623946,4,227,0.7212169721116484,COMPLETE
90,0.8275452224455428,2026-03-29 19:01:29.327962,2026-03-29 19:01:29.897141,0 days 00:00:00.569179,0.9167085287552059,0.05290486672044478,6,218,0.7101369759223245,COMPLETE
91,0.8266377611741293,2026-03-29 19:01:29.897423,2026-03-29 19:01:30.458313,0 days 00:00:00.560890,0.9056846556291017,0.05232162596691606,6,218,0.7092427351167743,COMPLETE
92,0.8263237843149844,2026-03-29 19:01:30.458578,2026-03-29 19:01:31.073218,0 days 00:00:00.614640,0.9188721543322224,0.05789297222268476,6,236,0.7182686894980052,COMPLETE
93,0.8260079309033623,2026-03-29 19:01:31.073483,2026-03-29 19:01:31.702693,0 days 00:00:00.629210,0.8806963605188837,0.05550561387536443,6,246,0.7079110130338692,COMPLETE
94,0.826015930942869,2026-03-29 19:01:31.702943,2026-03-29 19:01:32.262854,0 days 00:00:00.559911,0.9165322429943443,0.04635242905027985,6,215,0.7400787538027603,COMPLETE
95,0.8250145432816953,2026-03-29 19:01:32.263126,2026-03-29 19:01:32.850332,0 days 00:00:00.587206,0.9103105062072478,0.09437057341513239,6,228,0.7271660082616339,COMPLETE
96,0.8274781603859772,2026-03-29 19:01:32.850606,2026-03-29 19:01:33.404265,0 days 00:00:00.553659,0.9479222903748098,0.05044831239083633,6,210,0.7002975324794589,COMPLETE
97,0.8279416688477474,2026-03-29 19:01:33.404527,2026-03-29 19:01:33.941547,0 days 00:00:00.537020,0.9445665367019761,0.05124746730439371,6,207,0.7007394716072156,COMPLETE
98,0.826375043827377,2026-03-29 19:01:33.941803,2026-03-29 19:01:34.485896,0 days 00:00:00.544093,0.9493492679726362,0.04921420957042167,6,208,0.7060880789558076,COMPLETE
99,0.8254931629291996,2026-03-29 19:01:34.486149,2026-03-29 19:01:35.056597,0 days 00:00:00.570448,0.9377217901062711,0.05343689701648892,6,220,0.7195336961489203,COMPLETE
