number,value,datetime_start,datetime_complete,duration,params_colsample_bytree,params_learning_rate,params_max_depth,params_n_estimators,params_subsample,state
0,0.7172171714428219,2026-03-29 18:59:31.386473,2026-03-29 18:59:31.845711,0 days 00:00:00.459238,0.7468055921327309,0.05395030966670229,6,175,0.8795975452591109,COMPLETE
1,0.719458960291162,2026-03-29 18:59:31.846039,2026-03-29 18:59:32.061326,0 days 00:00:00.215287,0.9124217733388136,0.07348118405270448,3,131,0.8803345035229626,COMPLETE
2,0.7180186568822562,2026-03-29 18:59:32.061597,2026-03-29 18:59:32.332633,0 days 00:00:00.271036,0.7545474901621302,0.06798962421591129,6,104,0.7637017332034828,COMPLETE
3,0.7174892715519583,2026-03-29 18:59:32.332898,2026-03-29 18:59:32.598301,0 days 00:00:00.265403,0.7873687420594125,0.033477763085159346,4,136,0.8295835055926347,COMPLETE
4,0.7172218134410541,2026-03-29 18:59:32.598560,2026-03-29 18:59:32.942478,0 days 00:00:00.343918,0.8368209952651108,0.019594972058679168,3,222,0.8099085529881075,COMPLETE
5,0.7196505661756355,2026-03-29 18:59:32.942729,2026-03-29 18:59:33.348953,0 days 00:00:00.406224,0.7139351238159993,0.032676417657817626,3,257,0.8777243706586128,COMPLETE
6,0.7142342431320647,2026-03-29 18:59:33.349218,2026-03-29 18:59:33.684065,0 days 00:00:00.334847,0.9896896099223678,0.011615865989246453,3,222,0.984665661176,COMPLETE
7,0.7167778606314106,2026-03-29 18:59:33.684323,2026-03-29 18:59:34.177208,0 days 00:00:00.492885,0.8320457481218804,0.012521954287060391,4,262,0.905269907953647,COMPLETE
8,0.7120738374016662,2026-03-29 18:59:34.177486,2026-03-29 18:59:34.407468,0 days 00:00:00.229982,0.777633994480005,0.01082401838150096,4,124,0.9727961206236346,COMPLETE
9,0.7193485399927901,2026-03-29 18:59:34.407737,2026-03-29 18:59:34.848451,0 days 00:00:00.440714,0.7554563366576581,0.03311829888072381,4,233,0.8640130838029839,COMPLETE
10,0.7181829046069362,2026-03-29 18:59:34.848706,2026-03-29 18:59:35.537329,0 days 00:00:00.688623,0.7043540400640155,0.02086706344143509,5,295,0.7053885626844458,COMPLETE
11,0.7198300238519697,2026-03-29 18:59:35.537610,2026-03-29 18:59:35.808863,0 days 00:00:00.271253,0.9215216634175062,0.09477208497187749,3,169,0.9243450984440396,COMPLETE
12,0.7202514580318915,2026-03-29 18:59:35.809124,2026-03-29 18:59:36.080144,0 days 00:00:00.271020,0.9207792170192208,0.08992194209755879,3,170,0.9209634435437483,COMPLETE
13,0.717069812690433,2026-03-29 18:59:36.080429,2026-03-29 18:59:36.467145,0 days 00:00:00.386716,0.9233663605780128,0.09957080838795268,5,179,0.9343997490875476,COMPLETE
14,0.7216491933293497,2026-03-29 18:59:36.467422,2026-03-29 18:59:36.755279,0 days 00:00:00.287857,0.910348778618128,0.09879255668930571,3,168,0.9380161779603219,COMPLETE
15,0.7194219230712251,2026-03-29 18:59:36.755545,2026-03-29 18:59:37.009690,0 days 00:00:00.254145,0.9787850656662238,0.04967585355261691,3,158,0.9540988370165996,COMPLETE
16,0.7179598911599563,2026-03-29 18:59:37.009963,2026-03-29 18:59:37.469726,0 days 00:00:00.459763,0.8830124343454815,0.04993481098564413,5,197,0.9983819863448891,COMPLETE
17,0.720848004187675,2026-03-29 18:59:37.470004,2026-03-29 18:59:37.849125,0 days 00:00:00.379121,0.9498229615898061,0.07334132750237526,4,199,0.9146004654477198,COMPLETE
18,0.7207076578155942,2026-03-29 18:59:37.849394,2026-03-29 18:59:38.232298,0 days 00:00:00.382904,0.9630821637458368,0.06828678155200077,4,203,0.7882724801328698,COMPLETE
19,0.7190985634496961,2026-03-29 18:59:38.232578,2026-03-29 18:59:38.518807,0 days 00:00:00.286229,0.8772950888894706,0.040337678706646334,4,147,0.9566135281324554,COMPLETE
20,0.7176994454293601,2026-03-29 18:59:38.519083,2026-03-29 18:59:38.967019,0 days 00:00:00.447936,0.9492410446450996,0.022002807121015714,5,204,0.9035246394279592,COMPLETE
21,0.7203541745885165,2026-03-29 18:59:38.967289,2026-03-29 18:59:39.383689,0 days 00:00:00.416400,0.9578949625586654,0.07014495823231993,4,195,0.7839665163652683,COMPLETE
22,0.7193125891979714,2026-03-29 18:59:39.383964,2026-03-29 18:59:39.776713,0 days 00:00:00.392749,0.9552708405618372,0.06079613914249637,4,204,0.7293594546420257,COMPLETE
23,0.7187543642190826,2026-03-29 18:59:39.776985,2026-03-29 18:59:40.250469,0 days 00:00:00.473484,0.8881753652643676,0.07854087846218438,4,240,0.8429575842218024,COMPLETE
24,0.7154861999318514,2026-03-29 18:59:40.250790,2026-03-29 18:59:40.657461,0 days 00:00:00.406671,0.9937441293622165,0.08237107048804232,5,185,0.7997347257800553,COMPLETE
25,0.7193106138795747,2026-03-29 18:59:40.657725,2026-03-29 18:59:40.972122,0 days 00:00:00.314397,0.9397782623834019,0.041706301793227964,4,151,0.7512987008359012,COMPLETE
26,0.720754176563835,2026-03-29 18:59:40.972390,2026-03-29 18:59:41.318197,0 days 00:00:00.345807,0.8618741730984406,0.06017667704206412,3,217,0.8247063745824019,COMPLETE
27,0.7201747169121824,2026-03-29 18:59:41.318475,2026-03-29 18:59:41.672992,0 days 00:00:00.354517,0.8586852218511858,0.05865681072897336,3,218,0.8360981607250861,COMPLETE
28,0.7205074592960953,2026-03-29 18:59:41.673252,2026-03-29 18:59:42.108291,0 days 00:00:00.435039,0.8212506262708488,0.08138385617855441,3,249,0.9028742019677863,COMPLETE
29,0.7161067462061541,2026-03-29 18:59:42.108565,2026-03-29 18:59:42.856796,0 days 00:00:00.748231,0.8602901024727572,0.043757303406059544,6,281,0.8628199488028458,COMPLETE
30,0.7183278929772493,2026-03-29 18:59:42.857075,2026-03-29 18:59:43.171011,0 days 00:00:00.313936,0.8955258738574121,0.026715622944183472,3,185,0.9475773102817946,COMPLETE
31,0.7187994014785257,2026-03-29 18:59:43.171282,2026-03-29 18:59:43.595647,0 days 00:00:00.424365,0.9758169487047748,0.06341677619176087,4,211,0.8181679143452845,COMPLETE
32,0.7202285443384905,2026-03-29 18:59:43.595927,2026-03-29 18:59:43.860053,0 days 00:00:00.264126,0.8994430502507501,0.05366825939183306,3,163,0.7858360425359848,COMPLETE
33,0.7204183724364072,2026-03-29 18:59:43.860355,2026-03-29 18:59:44.167737,0 days 00:00:00.307382,0.9350312708523341,0.06959880375661719,3,187,0.7651857108026674,COMPLETE
34,0.7189031056943491,2026-03-29 18:59:44.168014,2026-03-29 18:59:44.597138,0 days 00:00:00.429124,0.964671660581049,0.0872938093409142,4,229,0.8868234991558326,COMPLETE
35,0.7202614333897944,2026-03-29 18:59:44.597429,2026-03-29 18:59:44.951250,0 days 00:00:00.353821,0.8107937989705879,0.0736113917624382,3,213,0.8158171139670013,COMPLETE
36,0.7195265161803268,2026-03-29 18:59:44.951515,2026-03-29 18:59:45.238513,0 days 00:00:00.286998,0.9120498786129893,0.056239101642160394,4,143,0.7921599638171222,COMPLETE
37,0.719011155610645,2026-03-29 18:59:45.238770,2026-03-29 18:59:45.422870,0 days 00:00:00.184100,0.8706716594520303,0.06533921892551595,3,111,0.8597249740061806,COMPLETE
38,0.7171703563968217,2026-03-29 18:59:45.423136,2026-03-29 18:59:45.947018,0 days 00:00:00.523882,0.9087210434504804,0.014951106243285717,6,195,0.8918863896925572,COMPLETE
39,0.7200844448614562,2026-03-29 18:59:45.947269,2026-03-29 18:59:46.291807,0 days 00:00:00.344538,0.8464961735485139,0.045734701606431026,4,176,0.7680954321293225,COMPLETE
40,0.7177339147353814,2026-03-29 18:59:46.292079,2026-03-29 18:59:46.882028,0 days 00:00:00.589949,0.9348679294773311,0.03735072881022682,5,241,0.9730198196441691,COMPLETE
41,0.7201454821999121,2026-03-29 18:59:46.882313,2026-03-29 18:59:47.292100,0 days 00:00:00.409787,0.8189080952897057,0.07679286062788386,3,254,0.9121599188398128,COMPLETE
42,0.7206891885885855,2026-03-29 18:59:47.292356,2026-03-29 18:59:47.728966,0 days 00:00:00.436610,0.8073715404363986,0.08248963876349853,3,275,0.8713193464040755,COMPLETE
43,0.7201143709351652,2026-03-29 18:59:47.729238,2026-03-29 18:59:48.159343,0 days 00:00:00.430105,0.7971725071444367,0.0972998175766111,3,269,0.877195573595373,COMPLETE
44,0.7203422239122168,2026-03-29 18:59:48.159617,2026-03-29 18:59:48.523338,0 days 00:00:00.363721,0.7801261533565019,0.08721136252113182,3,229,0.8254184402013037,COMPLETE
45,0.7207954607183245,2026-03-29 18:59:48.523600,2026-03-29 18:59:49.093436,0 days 00:00:00.569836,0.7311183179636289,0.06686535628495326,3,296,0.8445326962327507,COMPLETE
46,0.7194650837781915,2026-03-29 18:59:49.093714,2026-03-29 18:59:49.371477,0 days 00:00:00.277763,0.7381168186751486,0.06832192306399362,4,136,0.8056214063400668,COMPLETE
47,0.720500644447627,2026-03-29 18:59:49.371823,2026-03-29 18:59:49.868665,0 days 00:00:00.496842,0.9749272440980444,0.05477691148272519,3,299,0.8538986358036328,COMPLETE
48,0.7193274040859461,2026-03-29 18:59:49.868927,2026-03-29 18:59:50.396110,0 days 00:00:00.527183,0.7290157672544201,0.04918475568712989,4,284,0.9378512082454331,COMPLETE
49,0.716167289715011,2026-03-29 18:59:50.396360,2026-03-29 18:59:50.600021,0 days 00:00:00.203661,0.84054451551923,0.028662363570402062,3,125,0.827571860793675,COMPLETE
50,0.7194868122805544,2026-03-29 18:59:50.600295,2026-03-29 18:59:50.857692,0 days 00:00:00.257397,0.7619058078688268,0.06210716034360081,3,160,0.8464140302505823,COMPLETE
51,0.7201734329552245,2026-03-29 18:59:50.857953,2026-03-29 18:59:51.290386,0 days 00:00:00.432433,0.7653066048251512,0.08977911829842213,3,271,0.9247481317858608,COMPLETE
52,0.7198622215418348,2026-03-29 18:59:51.290663,2026-03-29 18:59:51.745975,0 days 00:00:00.455312,0.7146672778364962,0.07567253929745524,3,290,0.87533722573731,COMPLETE
53,0.7205939782418679,2026-03-29 18:59:51.746250,2026-03-29 18:59:52.195860,0 days 00:00:00.449610,0.7970313566944847,0.09893614475237489,3,274,0.8931200109271406,COMPLETE
54,0.7181487315986745,2026-03-29 18:59:52.196123,2026-03-29 18:59:52.812846,0 days 00:00:00.616723,0.9416563089776052,0.08498006925448387,4,290,0.8718061070897963,COMPLETE
55,0.7209997086405366,2026-03-29 18:59:52.813098,2026-03-29 18:59:53.148256,0 days 00:00:00.335158,0.9851391033107906,0.07177817203799348,3,206,0.8378808714207742,COMPLETE
56,0.7196817762063024,2026-03-29 18:59:53.148524,2026-03-29 18:59:53.573877,0 days 00:00:00.425353,0.9887065454075853,0.07052852317060768,4,210,0.832754724174599,COMPLETE
57,0.7206067190455262,2026-03-29 18:59:53.574148,2026-03-29 18:59:53.938130,0 days 00:00:00.363982,0.9998677373720499,0.06497916479034364,3,222,0.8429306560001217,COMPLETE
58,0.718858068434906,2026-03-29 18:59:53.938412,2026-03-29 18:59:54.384692,0 days 00:00:00.446280,0.9641137676986851,0.051216893015778454,5,200,0.7477592322720659,COMPLETE
59,0.7199862715371433,2026-03-29 18:59:54.384944,2026-03-29 18:59:54.694640,0 days 00:00:00.309696,0.9507973841569003,0.057166887304363506,3,187,0.811005909507218,COMPLETE
60,0.7192677494703679,2026-03-29 18:59:54.694892,2026-03-29 18:59:55.032368,0 days 00:00:00.337476,0.9248205243695016,0.092836577184581,4,169,0.7933799516232091,COMPLETE
61,0.720773534684122,2026-03-29 18:59:55.032743,2026-03-29 18:59:55.454818,0 days 00:00:00.422075,0.9703623272831228,0.0790678085719434,3,261,0.7763306712479409,COMPLETE
62,0.7209233625845066,2026-03-29 18:59:55.455087,2026-03-29 18:59:55.866606,0 days 00:00:00.411519,0.9833404444754198,0.07587889540073012,3,264,0.7786908703153621,COMPLETE
63,0.7215702793594043,2026-03-29 18:59:55.866876,2026-03-29 18:59:56.288635,0 days 00:00:00.421759,0.9823877588362607,0.07435106841855159,3,261,0.7791296327982224,COMPLETE
64,0.7192807865717856,2026-03-29 18:59:56.288907,2026-03-29 18:59:56.703744,0 days 00:00:00.414837,0.9853534452263659,0.09255653159381934,3,260,0.7232794686921366,COMPLETE
65,0.7208412881051265,2026-03-29 18:59:56.704009,2026-03-29 18:59:57.093521,0 days 00:00:00.389512,0.9708971435525974,0.07854678634254253,3,245,0.7505071941884505,COMPLETE
66,0.720257087689322,2026-03-29 18:59:57.093798,2026-03-29 18:59:57.495683,0 days 00:00:00.401885,0.9815149981994937,0.07292424149804853,3,244,0.7409032124169231,COMPLETE
67,0.7207537815001555,2026-03-29 18:59:57.495944,2026-03-29 18:59:57.911111,0 days 00:00:00.415167,0.9977446748534893,0.0738140135768524,3,253,0.7194459879118908,COMPLETE
68,0.7196781218672684,2026-03-29 18:59:57.911394,2026-03-29 18:59:58.313866,0 days 00:00:00.402472,0.9703171354621709,0.0796169572607446,3,247,0.7044326116713806,COMPLETE
69,0.7184462145492077,2026-03-29 18:59:58.314144,2026-03-29 18:59:58.749627,0 days 00:00:00.435483,0.9465279147400437,0.016794939263455586,3,266,0.7582685153036073,COMPLETE
70,0.7199662220554175,2026-03-29 18:59:58.750060,2026-03-29 18:59:59.132194,0 days 00:00:00.382134,0.9870354531366888,0.06684723000248947,3,234,0.7806519555540189,COMPLETE
71,0.7203518042064405,2026-03-29 18:59:59.132470,2026-03-29 18:59:59.569548,0 days 00:00:00.437078,0.9593539774582377,0.07925249048784246,3,263,0.774855270072193,COMPLETE
72,0.720164840320199,2026-03-29 18:59:59.569815,2026-03-29 18:59:59.979854,0 days 00:00:00.410039,0.9703997298405022,0.08868485032126762,3,237,0.7359232056968178,COMPLETE
73,0.7210089926370007,2026-03-29 18:59:59.980130,2026-03-29 19:00:00.446402,0 days 00:00:00.466272,0.9785238699847538,0.08413825842994975,3,280,0.7772693698630694,COMPLETE
74,0.7207361024005057,2026-03-29 19:00:00.446689,2026-03-29 19:00:00.920538,0 days 00:00:00.473849,0.9808378052436361,0.0826304444206032,3,281,0.7567980843068522,COMPLETE
75,0.7198927402110628,2026-03-29 19:00:00.921197,2026-03-29 19:00:01.413865,0 days 00:00:00.492668,0.9561790032240018,0.09367453427512981,3,290,0.768328358166032,COMPLETE
76,0.7201154573602833,2026-03-29 19:00:01.414114,2026-03-29 19:00:01.893523,0 days 00:00:00.479409,0.9317055295341402,0.07235592152418967,3,279,0.9625557073616757,COMPLETE
77,0.7193900216791194,2026-03-29 19:00:01.893782,2026-03-29 19:00:02.361634,0 days 00:00:00.467852,0.9943801451503275,0.0997167856076396,3,300,0.8038340617992681,COMPLETE
78,0.7199314564516368,2026-03-29 19:00:02.361896,2026-03-29 19:00:02.761788,0 days 00:00:00.399892,0.9477833255508323,0.060848080715551166,3,255,0.7974247001123965,COMPLETE
79,0.7204956073857154,2026-03-29 19:00:02.762065,2026-03-29 19:00:03.206414,0 days 00:00:00.444349,0.97688021862293,0.08417946126958371,3,286,0.9397265775961328,COMPLETE
80,0.7189451799761973,2026-03-29 19:00:03.206698,2026-03-29 19:00:03.629748,0 days 00:00:00.423050,0.9635780142390061,0.023453817500632027,3,272,0.9852130632008441,COMPLETE
81,0.7199866666008228,2026-03-29 19:00:03.630013,2026-03-29 19:00:04.040048,0 days 00:00:00.410035,0.9696214390602932,0.07774050134053566,3,259,0.7744970941263932,COMPLETE
82,0.7210419804542245,2026-03-29 19:00:04.040316,2026-03-29 19:00:04.460121,0 days 00:00:00.419805,0.9922525368291745,0.0647183878900063,3,266,0.778821529108901,COMPLETE
83,0.7206290401434081,2026-03-29 19:00:04.460380,2026-03-29 19:00:04.900851,0 days 00:00:00.440471,0.9871414866000181,0.06600140954787816,3,278,0.7461379801925281,COMPLETE
84,0.72102114084514,2026-03-29 19:00:04.901118,2026-03-29 19:00:05.321065,0 days 00:00:00.419947,0.9927679489478154,0.06878089349309457,3,267,0.7601645190021633,COMPLETE
85,0.7211346228870266,2026-03-29 19:00:05.321330,2026-03-29 19:00:05.737037,0 days 00:00:00.415707,0.9915549702552691,0.0712746201253967,3,265,0.7568291906868304,COMPLETE
86,0.7212089936246597,2026-03-29 19:00:05.737303,2026-03-29 19:00:06.157458,0 days 00:00:00.420155,0.9917717678745701,0.0599708242971187,3,266,0.7640839964303265,COMPLETE
87,0.7212687470061581,2026-03-29 19:00:06.157732,2026-03-29 19:00:06.574663,0 days 00:00:00.416931,0.9924238268363326,0.06243016393320568,3,266,0.7613216426321892,COMPLETE
88,0.7217827248529622,2026-03-29 19:00:06.574921,2026-03-29 19:00:06.967715,0 days 00:00:00.392794,0.9935745739017392,0.058568902195902287,3,251,0.7592969642129692,COMPLETE
89,0.7211022276653217,2026-03-29 19:00:06.967980,2026-03-29 19:00:07.425207,0 days 00:00:00.457227,0.9933073203160423,0.05285494008027239,3,268,0.7597135721246366,COMPLETE
90,0.72080405335335,2026-03-29 19:00:07.425474,2026-03-29 19:00:07.845310,0 days 00:00:00.419836,0.9932238528810884,0.05322476922474475,3,267,0.7572174565812086,COMPLETE
91,0.7206241018474167,2026-03-29 19:00:07.845584,2026-03-29 19:00:08.238020,0 days 00:00:00.392436,0.9981331109477889,0.046672073222707645,3,250,0.761962017559445,COMPLETE
92,0.7213236608575845,2026-03-29 19:00:08.238279,2026-03-29 19:00:08.677213,0 days 00:00:00.438934,0.9913148159990388,0.058486867379459365,3,275,0.7704792200432826,COMPLETE
93,0.7203726438155249,2026-03-29 19:00:08.677457,2026-03-29 19:00:09.100934,0 days 00:00:00.423477,0.9923879377617725,0.058064336863483064,3,268,0.7365911044038069,COMPLETE
94,0.7215742299961976,2026-03-29 19:00:09.101188,2026-03-29 19:00:09.548309,0 days 00:00:00.447121,0.9912325551259497,0.06170574228809451,3,274,0.7685448092738922,COMPLETE
95,0.7202591617736384,2026-03-29 19:00:09.548568,2026-03-29 19:00:10.008367,0 days 00:00:00.459799,0.9991518026502659,0.06210728824374886,3,272,0.7874502642091534,COMPLETE
96,0.7206961022029739,2026-03-29 19:00:10.008678,2026-03-29 19:00:10.423496,0 days 00:00:00.414818,0.977170123595919,0.05130662735247821,3,257,0.7690668549116298,COMPLETE
97,0.7146715786250797,2026-03-29 19:00:10.423767,2026-03-29 19:00:11.156626,0 days 00:00:00.732859,0.9876486118220202,0.047129256096639496,6,285,0.7404047692534643,COMPLETE
98,0.7205477557913866,2026-03-29 19:00:11.156890,2026-03-29 19:00:11.623948,0 days 00:00:00.467058,0.9896160619483328,0.03584357410550189,3,276,0.72636038583347,COMPLETE
99,0.7204177798408882,2026-03-29 19:00:11.624261,2026-03-29 19:00:12.039945,0 days 00:00:00.415684,0.9615064725512411,0.04292214664398658,3,252,0.7840862804590653,COMPLETE
