number,value,datetime_start,datetime_complete,duration,params_colsample_bytree,params_learning_rate,params_max_depth,params_n_estimators,params_subsample,state
0,0.8135773509992641,2026-03-29 19:00:12.490869,2026-03-29 19:00:12.932603,0 days 00:00:00.441734,0.7468055921327309,0.05395030966670229,6,175,0.8795975452591109,COMPLETE
1,0.8126982355468422,2026-03-29 19:00:12.932900,2026-03-29 19:00:13.137410,0 days 00:00:00.204510,0.9124217733388136,0.07348118405270448,3,131,0.8803345035229626,COMPLETE
2,0.815439088588092,2026-03-29 19:00:13.137670,2026-03-29 19:00:13.426936,0 days 00:00:00.289266,0.7545474901621302,0.06798962421591129,6,104,0.7637017332034828,COMPLETE
3,0.8108390658719302,2026-03-29 19:00:13.427204,2026-03-29 19:00:13.675464,0 days 00:00:00.248260,0.7873687420594125,0.033477763085159346,4,136,0.8295835055926347,COMPLETE
4,0.802527024824814,2026-03-29 19:00:13.675776,2026-03-29 19:00:14.038574,0 days 00:00:00.362798,0.8368209952651108,0.019594972058679168,3,222,0.8099085529881075,COMPLETE
5,0.8101546180474966,2026-03-29 19:00:14.038855,2026-03-29 19:00:14.441838,0 days 00:00:00.402983,0.7139351238159993,0.032676417657817626,3,257,0.8777243706586128,COMPLETE
6,0.7950348396782208,2026-03-29 19:00:14.442089,2026-03-29 19:00:14.795910,0 days 00:00:00.353821,0.9896896099223678,0.011615865989246453,3,222,0.984665661176,COMPLETE
7,0.8083734734492516,2026-03-29 19:00:14.796162,2026-03-29 19:00:15.289905,0 days 00:00:00.493743,0.8320457481218804,0.012521954287060391,4,262,0.905269907953647,COMPLETE
8,0.8009743257991397,2026-03-29 19:00:15.290170,2026-03-29 19:00:15.527817,0 days 00:00:00.237647,0.777633994480005,0.01082401838150096,4,124,0.9727961206236346,COMPLETE
9,0.812497641963664,2026-03-29 19:00:15.528084,2026-03-29 19:00:15.970637,0 days 00:00:00.442553,0.7554563366576581,0.03311829888072381,4,233,0.8640130838029839,COMPLETE
10,0.8114113156114351,2026-03-29 19:00:15.970887,2026-03-29 19:00:16.419089,0 days 00:00:00.448202,0.8955599652334535,0.09322601292624816,6,177,0.7088816251071088,COMPLETE
11,0.8142222924557654,2026-03-29 19:00:16.419338,2026-03-29 19:00:16.883961,0 days 00:00:00.464623,0.7022591914859718,0.05389852582823712,6,175,0.7539498451855433,COMPLETE
12,0.8149668887253764,2026-03-29 19:00:16.884230,2026-03-29 19:00:17.170206,0 days 00:00:00.285976,0.7049889933571869,0.055565179562094905,6,106,0.7450243818127971,COMPLETE
13,0.8142040207605965,2026-03-29 19:00:17.170479,2026-03-29 19:00:17.409088,0 days 00:00:00.238609,0.7010902448724857,0.053880013718724334,5,104,0.7683158302943365,COMPLETE
14,0.8144942937989817,2026-03-29 19:00:17.409342,2026-03-29 19:00:17.656882,0 days 00:00:00.247540,0.8042900291489747,0.09823132212831394,5,109,0.7155869153859449,COMPLETE
15,0.8142495518496387,2026-03-29 19:00:17.657149,2026-03-29 19:00:18.306647,0 days 00:00:00.649498,0.7467351379579557,0.04497071059583655,5,294,0.7807122364408629,COMPLETE
16,0.813861006721021,2026-03-29 19:00:18.306899,2026-03-29 19:00:18.692408,0 days 00:00:00.385509,0.9028350184520528,0.0732785163488766,6,150,0.7383044064716298,COMPLETE
17,0.8126988281423612,2026-03-29 19:00:18.692666,2026-03-29 19:00:19.039552,0 days 00:00:00.346886,0.7399848218076434,0.020111585095657195,5,154,0.7965078521596157,COMPLETE
18,0.8149353823969501,2026-03-29 19:00:19.039825,2026-03-29 19:00:19.312889,0 days 00:00:00.273064,0.8737257683304462,0.07126371204316007,6,107,0.7387946098065464,COMPLETE
19,0.8140850078271992,2026-03-29 19:00:19.313181,2026-03-29 19:00:19.817298,0 days 00:00:00.504117,0.8054564974399636,0.043592932218539625,6,190,0.838242250693886,COMPLETE
20,0.8127074207773866,2026-03-29 19:00:19.817561,2026-03-29 19:00:20.153652,0 days 00:00:00.336091,0.7270815018355792,0.020241572916541595,5,153,0.814324147524502,COMPLETE
21,0.8149501972849248,2026-03-29 19:00:20.153918,2026-03-29 19:00:20.413096,0 days 00:00:00.259178,0.8730847521669033,0.06856031665656741,6,100,0.7419444472259064,COMPLETE
22,0.8145503928414461,2026-03-29 19:00:20.413361,2026-03-29 19:00:20.677872,0 days 00:00:00.264511,0.9611884003455818,0.06331257042202577,6,100,0.7032462398284764,COMPLETE
23,0.8141751811120055,2026-03-29 19:00:20.678137,2026-03-29 19:00:21.000773,0 days 00:00:00.322636,0.8607666430649412,0.04231349646013268,6,123,0.7387438205289987,COMPLETE
24,0.8139065378100634,2026-03-29 19:00:21.001047,2026-03-29 19:00:21.316441,0 days 00:00:00.315394,0.7713090962983292,0.08559333527525893,5,139,0.779221109938711,COMPLETE
25,0.8138589326367045,2026-03-29 19:00:21.316701,2026-03-29 19:00:21.626495,0 days 00:00:00.309794,0.9256987058858337,0.05912052677683981,6,118,0.7579661287111341,COMPLETE
26,0.813866833910291,2026-03-29 19:00:21.626757,2026-03-29 19:00:22.004419,0 days 00:00:00.377662,0.8081349939225787,0.026855169717792893,6,144,0.7304627002446773,COMPLETE
27,0.8138312781791515,2026-03-29 19:00:22.004678,2026-03-29 19:00:22.266496,0 days 00:00:00.261818,0.7268551011604166,0.08115645233748402,5,117,0.9202098222533648,COMPLETE
28,0.8144504417305765,2026-03-29 19:00:22.266745,2026-03-29 19:00:22.704529,0 days 00:00:00.437784,0.8849132091479436,0.04036155863415667,6,169,0.7922050709618903,COMPLETE
29,0.8137472283813747,2026-03-29 19:00:22.704794,2026-03-29 19:00:23.131337,0 days 00:00:00.426543,0.9325684837502812,0.049286735530840245,6,164,0.7638001376565885,COMPLETE
30,0.8151850626422847,2026-03-29 19:00:23.131609,2026-03-29 19:00:23.399856,0 days 00:00:00.268247,0.8446623387466841,0.06366512282578492,5,116,0.7264844162648604,COMPLETE
31,0.8150932103368411,2026-03-29 19:00:23.400124,2026-03-29 19:00:23.630337,0 days 00:00:00.230213,0.8473512080450591,0.06208740735484057,5,101,0.7217856503420477,COMPLETE
32,0.8154165699583702,2026-03-29 19:00:23.630605,2026-03-29 19:00:23.921415,0 days 00:00:00.290810,0.8396273498276867,0.060082162431665066,5,128,0.7185587695167228,COMPLETE
33,0.8141969096143684,2026-03-29 19:00:23.921670,2026-03-29 19:00:24.213066,0 days 00:00:00.291396,0.8425495827126598,0.08179006369487767,5,131,0.7192357646441495,COMPLETE
34,0.814518195151581,2026-03-29 19:00:24.213347,2026-03-29 19:00:24.482506,0 days 00:00:00.269159,0.8557769787536769,0.0646575510685521,4,134,0.7006125561646103,COMPLETE
35,0.8137088084385602,2026-03-29 19:00:24.482787,2026-03-29 19:00:24.753497,0 days 00:00:00.270710,0.8183349292716899,0.03806539890820025,5,119,0.7231955327469753,COMPLETE
36,0.813657845223927,2026-03-29 19:00:24.753755,2026-03-29 19:00:25.060551,0 days 00:00:00.306796,0.8278070945897873,0.047597428000611154,5,128,0.8159385803227759,COMPLETE
37,0.8114757109911654,2026-03-29 19:00:25.060825,2026-03-29 19:00:25.437227,0 days 00:00:00.376402,0.7904953227062157,0.02675502620544607,4,201,0.7207247448873842,COMPLETE
38,0.814264663035373,2026-03-29 19:00:25.437495,2026-03-29 19:00:25.689190,0 days 00:00:00.251695,0.8524849790856414,0.08014135995954712,5,112,0.7761675445987067,COMPLETE
39,0.8141794280465582,2026-03-29 19:00:25.689479,2026-03-29 19:00:25.961580,0 days 00:00:00.272101,0.7889560010903511,0.06156559321261488,4,142,0.754652318458957,COMPLETE
40,0.8039310811411415,2026-03-29 19:00:25.961856,2026-03-29 19:00:26.157017,0 days 00:00:00.195161,0.7706255455664098,0.037108999468277275,3,125,0.9558725640734633,COMPLETE
41,0.8139029822369492,2026-03-29 19:00:26.157281,2026-03-29 19:00:26.411510,0 days 00:00:00.254229,0.7556754173554575,0.055438281909145216,5,113,0.7494478610119302,COMPLETE
42,0.8140970572694187,2026-03-29 19:00:26.411773,2026-03-29 19:00:26.631709,0 days 00:00:00.219936,0.8243293577361902,0.05102096735634529,5,100,0.728778133415751,COMPLETE
43,0.8148953821994183,2026-03-29 19:00:26.631998,2026-03-29 19:00:26.878310,0 days 00:00:00.246312,0.719529028604995,0.05866199423852484,5,112,0.7142568364407862,COMPLETE
44,0.8143806142252553,2026-03-29 19:00:26.878576,2026-03-29 19:00:27.131319,0 days 00:00:00.252743,0.839804391955152,0.06895046419369144,4,129,0.7030573750073343,COMPLETE
45,0.8132284110044987,2026-03-29 19:00:27.131587,2026-03-29 19:00:27.381095,0 days 00:00:00.249508,0.8655217828623574,0.08967863585456988,5,108,0.7642635342822078,COMPLETE
46,0.8139305379285824,2026-03-29 19:00:27.381365,2026-03-29 19:00:27.691003,0 days 00:00:00.309638,0.886094535875464,0.07747636396638057,6,118,0.8005381457878193,COMPLETE
47,0.8141733045595287,2026-03-29 19:00:27.691259,2026-03-29 19:00:28.274667,0 days 00:00:00.583408,0.7097246736263352,0.05387922929564395,5,264,0.7476657572854001,COMPLETE
48,0.8139352786927343,2026-03-29 19:00:28.274925,2026-03-29 19:00:28.813116,0 days 00:00:00.538191,0.999485075849801,0.016118526893064995,6,209,0.8647775898253266,COMPLETE
49,0.8144081699168884,2026-03-29 19:00:28.813374,2026-03-29 19:00:29.128003,0 days 00:00:00.314629,0.7574709881474048,0.06573743325384726,4,160,0.7322147733817357,COMPLETE
50,0.8099394071081832,2026-03-29 19:00:29.128276,2026-03-29 19:00:29.590670,0 days 00:00:00.462394,0.7322054060606664,0.09361928807027418,6,182,0.8273385541287454,COMPLETE
51,0.8155719287502654,2026-03-29 19:00:29.590966,2026-03-29 19:00:29.858710,0 days 00:00:00.267744,0.8702107320456508,0.07234723233513198,6,101,0.7381811957960884,COMPLETE
52,0.8159368688240436,2026-03-29 19:00:29.858976,2026-03-29 19:00:30.107946,0 days 00:00:00.248970,0.9045951462993419,0.07134500294612359,6,107,0.7255565150637276,COMPLETE
53,0.8144275280371757,2026-03-29 19:00:30.108222,2026-03-29 19:00:30.367052,0 days 00:00:00.258830,0.9185969065698341,0.07180447944074272,6,105,0.7134150370595724,COMPLETE
54,0.8138529079155947,2026-03-29 19:00:30.367328,2026-03-29 19:00:30.727108,0 days 00:00:00.359780,0.9045623297227336,0.07517156832722126,6,137,0.7300684330227535,COMPLETE
55,0.8149723208509672,2026-03-29 19:00:30.727360,2026-03-29 19:00:31.050979,0 days 00:00:00.323619,0.9521740869023483,0.06067439188047417,6,124,0.7703417500395968,COMPLETE
56,0.8142026380377186,2026-03-29 19:00:31.051241,2026-03-29 19:00:31.305111,0 days 00:00:00.253870,0.8847559541109742,0.08701164641541008,5,111,0.7899199227629541,COMPLETE
57,0.8131746823441104,2026-03-29 19:00:31.305385,2026-03-29 19:00:31.926791,0 days 00:00:00.621406,0.8473053875902712,0.04751226128766437,6,240,0.711159940837704,COMPLETE
58,0.8143324164563777,2026-03-29 19:00:31.927044,2026-03-29 19:00:32.180079,0 days 00:00:00.253035,0.8710670986479453,0.09983668714677262,5,100,0.7427919893593353,COMPLETE
59,0.8132370036395241,2026-03-29 19:00:32.180348,2026-03-29 19:00:32.553651,0 days 00:00:00.373303,0.9005570320201843,0.06897431917320945,6,144,0.7528562406786948,COMPLETE
60,0.8146399735307336,2026-03-29 19:00:32.553915,2026-03-29 19:00:32.839771,0 days 00:00:00.285856,0.9449863696071155,0.07518698123066789,5,119,0.7344802081115384,COMPLETE
61,0.8146373068508981,2026-03-29 19:00:32.840028,2026-03-29 19:00:33.190076,0 days 00:00:00.350048,0.8327162888823392,0.06142233663554764,6,124,0.77321409802767,COMPLETE
62,0.8155008172879867,2026-03-29 19:00:33.190355,2026-03-29 19:00:33.478142,0 days 00:00:00.287787,0.9675476319981425,0.05763177710592867,6,107,0.7248376219013458,COMPLETE
63,0.8150417532926089,2026-03-29 19:00:33.478414,2026-03-29 19:00:33.784541,0 days 00:00:00.306127,0.9663638480013513,0.05737426624478332,6,106,0.7199272330102695,COMPLETE
64,0.8146152820507756,2026-03-29 19:00:33.784817,2026-03-29 19:00:34.106906,0 days 00:00:00.322089,0.8150474825784885,0.05263334201227753,6,113,0.7002963453520924,COMPLETE
65,0.8157060528693969,2026-03-29 19:00:34.107180,2026-03-29 19:00:34.380715,0 days 00:00:00.273535,0.9791645720253433,0.06566116313816087,6,105,0.723425221780734,COMPLETE
66,0.8149175057654606,2026-03-29 19:00:34.380985,2026-03-29 19:00:34.725234,0 days 00:00:00.344249,0.9848118005544939,0.06614359757524099,6,134,0.7594186240087705,COMPLETE
67,0.8138009570417633,2026-03-29 19:00:34.725501,2026-03-29 19:00:35.009157,0 days 00:00:00.283656,0.9741491360293189,0.030506410210943982,6,108,0.7452723279030384,COMPLETE
68,0.8136870799361973,2026-03-29 19:00:35.009429,2026-03-29 19:00:35.401092,0 days 00:00:00.391663,0.944366049570546,0.08179722453210604,6,149,0.7284526495517277,COMPLETE
69,0.8143443671326771,2026-03-29 19:00:35.401352,2026-03-29 19:00:35.699125,0 days 00:00:00.297773,0.9793473602822009,0.045826224344544544,6,116,0.9098325000826757,COMPLETE
70,0.8143266880330273,2026-03-29 19:00:35.699416,2026-03-29 19:00:36.006767,0 days 00:00:00.307351,0.9317927706139446,0.07118850686608771,6,120,0.7091526139123315,COMPLETE
71,0.8156534106341267,2026-03-29 19:00:36.007059,2026-03-29 19:00:36.265325,0 days 00:00:00.258266,0.7979586291626829,0.064389453632663,6,100,0.7242847051553005,COMPLETE
72,0.8148461967713421,2026-03-29 19:00:36.265599,2026-03-29 19:00:36.539357,0 days 00:00:00.273758,0.7817705733382639,0.0651666113086645,6,106,0.7401969829237954,COMPLETE
73,0.8148545918745278,2026-03-29 19:00:36.539622,2026-03-29 19:00:36.810026,0 days 00:00:00.270404,0.9949931260470319,0.05716238846504911,6,105,0.7243335560343117,COMPLETE
74,0.8124476664082292,2026-03-29 19:00:36.810292,2026-03-29 19:00:37.022685,0 days 00:00:00.212393,0.8611202562889358,0.07745223586861166,3,129,0.7352363272157769,COMPLETE
75,0.8144394787134751,2026-03-29 19:00:37.022952,2026-03-29 19:00:37.317002,0 days 00:00:00.294050,0.7992095174112557,0.050451375136028646,6,114,0.7107375460134415,COMPLETE
76,0.8143925649015551,2026-03-29 19:00:37.317267,2026-03-29 19:00:37.575950,0 days 00:00:00.258683,0.911023136702567,0.0921785519873438,6,100,0.9978397176218621,COMPLETE
77,0.8084045847139987,2026-03-29 19:00:37.576224,2026-03-29 19:00:38.330641,0 days 00:00:00.754417,0.7988973463571633,0.0831645889439921,6,300,0.7195592254865706,COMPLETE
78,0.8148306905219286,2026-03-29 19:00:38.330906,2026-03-29 19:00:38.643516,0 days 00:00:00.312610,0.9625366975901194,0.07199306009218182,6,122,0.7554571007441239,COMPLETE
79,0.8149591849836296,2026-03-29 19:00:38.643790,2026-03-29 19:00:38.923943,0 days 00:00:00.280153,0.7680750608731621,0.06600521570483327,6,109,0.7080739252471662,COMPLETE
80,0.8142374036414995,2026-03-29 19:00:38.924222,2026-03-29 19:00:39.224084,0 days 00:00:00.299862,0.8889875983090384,0.05647724501319787,6,116,0.7857805354171188,COMPLETE
81,0.8148791845885659,2026-03-29 19:00:39.224350,2026-03-29 19:00:39.455130,0 days 00:00:00.230780,0.8435781922200758,0.06287430251741226,5,102,0.7235960298036058,COMPLETE
82,0.8147408135348817,2026-03-29 19:00:39.455396,2026-03-29 19:00:39.700728,0 days 00:00:00.245332,0.8224941981093898,0.061861818204844175,5,109,0.7376110652175302,COMPLETE
83,0.8145324174440368,2026-03-29 19:00:39.700990,2026-03-29 19:00:40.019974,0 days 00:00:00.318984,0.8356240686740417,0.05361374211423473,6,126,0.7470005278891395,COMPLETE
84,0.8148219991209833,2026-03-29 19:00:40.020240,2026-03-29 19:00:40.249601,0 days 00:00:00.229361,0.8697873205140029,0.06873008170422705,5,100,0.7170311519454832,COMPLETE
85,0.8149164193403424,2026-03-29 19:00:40.249862,2026-03-29 19:00:40.534972,0 days 00:00:00.285110,0.8552241083308172,0.07701936025171567,6,111,0.7265454265476684,COMPLETE
86,0.8152661494624666,2026-03-29 19:00:40.535225,2026-03-29 19:00:40.770827,0 days 00:00:00.235602,0.8804443616758961,0.05928901614677086,5,104,0.7052003845670078,COMPLETE
87,0.8121369488244387,2026-03-29 19:00:40.771092,2026-03-29 19:00:40.975145,0 days 00:00:00.204053,0.8942648870281527,0.059547665924110135,4,105,0.7048611672790561,COMPLETE
88,0.814249453083719,2026-03-29 19:00:40.975397,2026-03-29 19:00:41.315511,0 days 00:00:00.340114,0.8803821466274645,0.04259109166042118,6,133,0.7612505114028943,COMPLETE
89,0.814081551020005,2026-03-29 19:00:41.315777,2026-03-29 19:00:41.576882,0 days 00:00:00.261105,0.8792183465209162,0.08620760792473421,5,116,0.7162145095258134,COMPLETE
90,0.8107135343878241,2026-03-29 19:00:41.577141,2026-03-29 19:00:41.890916,0 days 00:00:00.313775,0.8606191277140045,0.010349419869945269,6,122,0.7331127845214878,COMPLETE
91,0.8146643687129319,2026-03-29 19:00:41.891184,2026-03-29 19:00:42.128370,0 days 00:00:00.237186,0.849689050908932,0.06731319650301619,5,105,0.7227216017188371,COMPLETE
92,0.8150629879653726,2026-03-29 19:00:42.128629,2026-03-29 19:00:42.380619,0 days 00:00:00.251990,0.8141945433284158,0.05896508672257973,5,112,0.7007101377705336,COMPLETE
93,0.8147541469340589,2026-03-29 19:00:42.380899,2026-03-29 19:00:42.612304,0 days 00:00:00.231405,0.8772308239222378,0.07267711830318364,5,103,0.7403106021734904,COMPLETE
94,0.8135504866690701,2026-03-29 19:00:42.612573,2026-03-29 19:00:43.204218,0 days 00:00:00.591645,0.7486838540360591,0.04884044874664033,5,272,0.7132349467955287,COMPLETE
95,0.8147312332406579,2026-03-29 19:00:43.204481,2026-03-29 19:00:43.473326,0 days 00:00:00.268845,0.866985982639805,0.06429921029975622,5,116,0.728457378707455,COMPLETE
96,0.8149856542501445,2026-03-29 19:00:43.473586,2026-03-29 19:00:43.755776,0 days 00:00:00.282190,0.9709887323697514,0.052253922553694286,6,109,0.7515022231585762,COMPLETE
97,0.8143767623543821,2026-03-29 19:00:43.756035,2026-03-29 19:00:43.982311,0 days 00:00:00.226276,0.8265736125718615,0.0556235308384508,5,100,0.8894002319020756,COMPLETE
98,0.8037954755332125,2026-03-29 19:00:43.982561,2026-03-29 19:00:44.208710,0 days 00:00:00.226149,0.8922379650951389,0.014827215665464188,4,120,0.9434623666812358,COMPLETE
99,0.8141451562723765,2026-03-29 19:00:44.208978,2026-03-29 19:00:44.536492,0 days 00:00:00.327514,0.9549240215242756,0.07008170508287104,6,128,0.7060121092424763,COMPLETE
