number,value,datetime_start,datetime_complete,duration,params_colsample_bytree,params_learning_rate,params_max_depth,params_n_estimators,params_subsample,state
0,0.8530773462267838,2026-04-04 10:38:03.422358,2026-04-04 10:38:03.852145,0 days 00:00:00.429787,0.7468055921327309,0.05395030966670229,6,175,0.8795975452591109,COMPLETE
1,0.8468829890415323,2026-04-04 10:38:03.852425,2026-04-04 10:38:04.059526,0 days 00:00:00.207101,0.9124217733388136,0.07348118405270448,3,131,0.8803345035229626,COMPLETE
2,0.8547885753991806,2026-04-04 10:38:04.059808,2026-04-04 10:38:04.319923,0 days 00:00:00.260115,0.7545474901621302,0.06798962421591129,6,104,0.7637017332034828,COMPLETE
3,0.8479417768062653,2026-04-04 10:38:04.320192,2026-04-04 10:38:04.567655,0 days 00:00:00.247463,0.7873687420594125,0.033477763085159346,4,136,0.8295835055926347,COMPLETE
4,0.8374595752688951,2026-04-04 10:38:04.567934,2026-04-04 10:38:04.899795,0 days 00:00:00.331861,0.8368209952651108,0.019594972058679168,3,222,0.8099085529881075,COMPLETE
5,0.8439136351134209,2026-04-04 10:38:04.900080,2026-04-04 10:38:05.285380,0 days 00:00:00.385300,0.7139351238159993,0.032676417657817626,3,257,0.8777243706586128,COMPLETE
6,0.8279934567668901,2026-04-04 10:38:05.285659,2026-04-04 10:38:05.609487,0 days 00:00:00.323828,0.9896896099223678,0.011615865989246453,3,222,0.984665661176,COMPLETE
7,0.8454132225423066,2026-04-04 10:38:05.609761,2026-04-04 10:38:06.078504,0 days 00:00:00.468743,0.8320457481218804,0.012521954287060391,4,262,0.905269907953647,COMPLETE
8,0.8358496793526253,2026-04-04 10:38:06.078769,2026-04-04 10:38:06.300901,0 days 00:00:00.222132,0.777633994480005,0.01082401838150096,4,124,0.9727961206236346,COMPLETE
9,0.8519726689732046,2026-04-04 10:38:06.301175,2026-04-04 10:38:06.724797,0 days 00:00:00.423622,0.7554563366576581,0.03311829888072381,4,233,0.8640130838029839,COMPLETE
10,0.8524628324092706,2026-04-04 10:38:06.725059,2026-04-04 10:38:07.191694,0 days 00:00:00.466635,0.8955599652334535,0.09322601292624816,6,177,0.7088816251071088,COMPLETE
11,0.8520922422154344,2026-04-04 10:38:07.191963,2026-04-04 10:38:07.619471,0 days 00:00:00.427508,0.7022591914859718,0.05389852582823712,6,175,0.7539498451855433,COMPLETE
12,0.8489287627209428,2026-04-04 10:38:07.619746,2026-04-04 10:38:07.873588,0 days 00:00:00.253842,0.7473104053082921,0.05677584747478693,6,102,0.785056912410558,COMPLETE
13,0.8548162249019239,2026-04-04 10:38:07.873876,2026-04-04 10:38:08.236707,0 days 00:00:00.362831,0.8029086188784056,0.052797637770778956,5,167,0.9361665076233798,COMPLETE
14,0.8557880108281821,2026-04-04 10:38:08.236978,2026-04-04 10:38:08.577052,0 days 00:00:00.340074,0.8042900291489747,0.09801980155020319,5,158,0.9368431198958395,COMPLETE
15,0.8560552411007687,2026-04-04 10:38:08.577334,2026-04-04 10:38:09.195917,0 days 00:00:00.618583,0.8096785993235401,0.09908696623769005,5,294,0.9540988370165996,COMPLETE
16,0.855287858828298,2026-04-04 10:38:09.196183,2026-04-04 10:38:09.822987,0 days 00:00:00.626804,0.8684095805588516,0.09042743289903798,5,300,0.938662210025244,COMPLETE
17,0.853248454667844,2026-04-04 10:38:09.823264,2026-04-04 10:38:10.455406,0 days 00:00:00.632142,0.9374213189972753,0.020111585095657195,5,300,0.9424198103341493,COMPLETE
18,0.8579026911217592,2026-04-04 10:38:10.455677,2026-04-04 10:38:10.868814,0 days 00:00:00.413137,0.823050908850969,0.09610902237402918,5,195,0.9973043105718121,COMPLETE
19,0.8555999652571693,2026-04-04 10:38:10.869089,2026-04-04 10:38:11.300461,0 days 00:00:00.431372,0.8654284627540499,0.06589487941719441,5,201,0.983956858045598,COMPLETE
20,0.8564760636372848,2026-04-04 10:38:11.300729,2026-04-04 10:38:11.875542,0 days 00:00:00.574813,0.814835995748943,0.04066866873014908,5,272,0.9931799396785234,COMPLETE
21,0.8569989432389004,2026-04-04 10:38:11.875819,2026-04-04 10:38:12.439664,0 days 00:00:00.563845,0.8255782572133099,0.042266659464835724,5,266,0.9631075052476595,COMPLETE
22,0.8563327494607624,2026-04-04 10:38:12.439919,2026-04-04 10:38:13.055176,0 days 00:00:00.615257,0.8437813252386487,0.04170123411685755,5,270,0.9974087705747819,COMPLETE
23,0.8520651717598691,2026-04-04 10:38:13.055450,2026-04-04 10:38:13.578229,0 days 00:00:00.522779,0.8882259479844903,0.02331455028505322,5,245,0.9997674943817246,COMPLETE
24,0.8550746247050478,2026-04-04 10:38:13.578501,2026-04-04 10:38:14.113015,0 days 00:00:00.534514,0.8252444369938887,0.042725428536765406,4,279,0.9106441761945978,COMPLETE
25,0.8521513050275772,2026-04-04 10:38:14.113282,2026-04-04 10:38:14.565437,0 days 00:00:00.452155,0.8681573607098161,0.0267719020329384,5,203,0.9713908159720797,COMPLETE
26,0.8539334674792629,2026-04-04 10:38:14.565717,2026-04-04 10:38:15.018498,0 days 00:00:00.452781,0.7809608972024554,0.04262541981622135,4,248,0.9133855708101682,COMPLETE
27,0.8514137436847669,2026-04-04 10:38:15.018764,2026-04-04 10:38:15.638574,0 days 00:00:00.619810,0.9381598463058768,0.016002321310625293,5,276,0.9629803697424193,COMPLETE
28,0.8542759738849723,2026-04-04 10:38:15.638847,2026-04-04 10:38:16.172954,0 days 00:00:00.534107,0.8212506262708488,0.028492087502981506,6,212,0.9582271183811082,COMPLETE
29,0.8563391189797189,2026-04-04 10:38:16.173229,2026-04-04 10:38:16.772993,0 days 00:00:00.599764,0.7724233907304041,0.038394652551031944,6,239,0.9198402442738796,COMPLETE
30,0.85302407388642,2026-04-04 10:38:16.773257,2026-04-04 10:38:17.164691,0 days 00:00:00.391434,0.7254374768889501,0.07953088714590498,5,183,0.9981281241271082,COMPLETE
31,0.8560066011378276,2026-04-04 10:38:17.164953,2026-04-04 10:38:17.805688,0 days 00:00:00.640735,0.7706099569241116,0.03844102535148251,6,243,0.9204334087965764,COMPLETE
32,0.8560846277450455,2026-04-04 10:38:17.806007,2026-04-04 10:38:18.309390,0 days 00:00:00.503383,0.795050563377287,0.05192179214687369,6,191,0.8948084053202241,COMPLETE
33,0.855396285412354,2026-04-04 10:38:18.309672,2026-04-04 10:38:19.047618,0 days 00:00:00.737946,0.8508626294543182,0.03780867575757487,6,284,0.9770076973887436,COMPLETE
34,0.8531747709144603,2026-04-04 10:38:19.047911,2026-04-04 10:38:19.698526,0 days 00:00:00.650615,0.7325512940760793,0.04770542700093461,6,231,0.9508709302555307,COMPLETE
35,0.8571631031138263,2026-04-04 10:38:19.698811,2026-04-04 10:38:20.311464,0 days 00:00:00.612653,0.7622728214409794,0.059772116203393746,5,265,0.9250252376679736,COMPLETE
36,0.8566458692221949,2026-04-04 10:38:20.311724,2026-04-04 10:38:20.870572,0 days 00:00:00.558848,0.8140964725873387,0.06959544470500661,5,257,0.8850692720236149,COMPLETE
37,0.8561903038550066,2026-04-04 10:38:20.870842,2026-04-04 10:38:21.338418,0 days 00:00:00.467576,0.7626075839676512,0.0641023584013734,5,216,0.8386300006728693,COMPLETE
38,0.8570478727254303,2026-04-04 10:38:21.338705,2026-04-04 10:38:21.863670,0 days 00:00:00.524965,0.853625386043429,0.08014135995954712,4,256,0.8757418625529575,COMPLETE
39,0.855181893194748,2026-04-04 10:38:21.863947,2026-04-04 10:38:22.162474,0 days 00:00:00.298527,0.8538267467251478,0.07782622946961598,4,153,0.8734902005824091,COMPLETE
40,0.8564122236859248,2026-04-04 10:38:22.162752,2026-04-04 10:38:22.641118,0 days 00:00:00.478366,0.9050404020835074,0.08324684194553092,4,259,0.8574935981223185,COMPLETE
41,0.8561599038781684,2026-04-04 10:38:22.641384,2026-04-04 10:38:23.114327,0 days 00:00:00.472943,0.8362212782093484,0.06972450000157486,4,255,0.8960397583529915,COMPLETE
42,0.8536325077085656,2026-04-04 10:38:23.114600,2026-04-04 10:38:23.562642,0 days 00:00:00.448042,0.8766713692838827,0.06256953469665924,3,288,0.8872111351088129,COMPLETE
43,0.8577797883582564,2026-04-04 10:38:23.562922,2026-04-04 10:38:24.138917,0 days 00:00:00.575995,0.7946515903896714,0.07520521177976579,5,266,0.8163499858075096,COMPLETE
44,0.8562576180894339,2026-04-04 10:38:24.139253,2026-04-04 10:38:24.594753,0 days 00:00:00.455500,0.7900659830730512,0.08643101564428435,4,228,0.822381569609152,COMPLETE
45,0.8552316912520448,2026-04-04 10:38:24.595018,2026-04-04 10:38:25.178765,0 days 00:00:00.583747,0.7319954985257248,0.05935114519516215,5,267,0.8049565698557013,COMPLETE
46,0.8561680105386585,2026-04-04 10:38:25.179045,2026-04-04 10:38:25.681186,0 days 00:00:00.502141,0.789360646036605,0.07500092967593813,4,250,0.7897162265287327,COMPLETE
47,0.8565118198005183,2026-04-04 10:38:25.681492,2026-04-04 10:38:26.265755,0 days 00:00:00.584263,0.8317252757111104,0.0481811207049422,5,265,0.8488139717330786,COMPLETE
48,0.8543940995092575,2026-04-04 10:38:26.266042,2026-04-04 10:38:26.720850,0 days 00:00:00.454808,0.999485075849801,0.08735411437339836,3,288,0.7517289145694263,COMPLETE
49,0.8562034771783031,2026-04-04 10:38:26.721118,2026-04-04 10:38:27.137912,0 days 00:00:00.416794,0.7513488737451177,0.07542963792312371,5,192,0.8680990035960084,COMPLETE
50,0.8561580219748404,2026-04-04 10:38:27.138181,2026-04-04 10:38:27.538229,0 days 00:00:00.400048,0.7992719705535181,0.05997284173760103,4,235,0.9272432487871867,COMPLETE
51,0.8572904934929574,2026-04-04 10:38:27.538498,2026-04-04 10:38:28.064432,0 days 00:00:00.525934,0.8220212207688947,0.07096311536536008,5,258,0.8368379136873043,COMPLETE
52,0.8550119428480436,2026-04-04 10:38:28.064731,2026-04-04 10:38:28.591467,0 days 00:00:00.526736,0.8564516746127808,0.09218896380838151,5,278,0.8304534360854245,COMPLETE
53,0.8569976403827502,2026-04-04 10:38:28.591732,2026-04-04 10:38:29.163741,0 days 00:00:00.572009,0.8229771366269479,0.07020600532833166,5,263,0.809953286296725,COMPLETE
54,0.8561790124350381,2026-04-04 10:38:29.164028,2026-04-04 10:38:29.426231,0 days 00:00:00.262203,0.8434656254084459,0.08370613939122316,5,119,0.8424500045053425,COMPLETE
55,0.8571138841037073,2026-04-04 10:38:29.426499,2026-04-04 10:38:29.925624,0 days 00:00:00.499125,0.7617893087151999,0.056559854595756534,5,222,0.7841675462051639,COMPLETE
56,0.8547829296891964,2026-04-04 10:38:29.925900,2026-04-04 10:38:30.413845,0 days 00:00:00.487945,0.759027256952638,0.09831268516281623,5,222,0.7729004014387608,COMPLETE
57,0.8558621288669495,2026-04-04 10:38:30.414183,2026-04-04 10:38:30.886877,0 days 00:00:00.472694,0.7837033920303718,0.05609447972410181,5,214,0.7259550821857234,COMPLETE
58,0.8567592177072627,2026-04-04 10:38:30.887144,2026-04-04 10:38:31.437327,0 days 00:00:00.550183,0.8057930575198025,0.048747931344839346,5,252,0.7913616210581041,COMPLETE
59,0.8515712445171469,2026-04-04 10:38:31.437608,2026-04-04 10:38:31.745103,0 days 00:00:00.307495,0.7433090814324438,0.06481762085456995,4,167,0.8177009223441182,COMPLETE
60,0.8551875389047322,2026-04-04 10:38:31.745382,2026-04-04 10:38:32.187999,0 days 00:00:00.442617,0.7178728026408147,0.08143597170440822,5,208,0.8580464997580309,COMPLETE
61,0.856214913360066,2026-04-04 10:38:32.188294,2026-04-04 10:38:32.770774,0 days 00:00:00.582480,0.7676789114750787,0.07317144031761622,5,273,0.8012440971443969,COMPLETE
62,0.8572155068834234,2026-04-04 10:38:32.771040,2026-04-04 10:38:33.288700,0 days 00:00:00.517660,0.8135145188246558,0.054501305903906214,5,239,0.9878517062185351,COMPLETE
63,0.8563680713386124,2026-04-04 10:38:33.288963,2026-04-04 10:38:33.832440,0 days 00:00:00.543477,0.807964420900591,0.0574989777405812,5,241,0.7738671079586456,COMPLETE
64,0.857327552512341,2026-04-04 10:38:33.832735,2026-04-04 10:38:34.320790,0 days 00:00:00.488055,0.7980186193700832,0.09214669276071001,5,225,0.9872087025181624,COMPLETE
65,0.856892253796378,2026-04-04 10:38:34.321058,2026-04-04 10:38:34.815055,0 days 00:00:00.493997,0.7799978309740747,0.09235538424383297,5,221,0.987075079003009,COMPLETE
66,0.8569003604568682,2026-04-04 10:38:34.815321,2026-04-04 10:38:35.318524,0 days 00:00:00.503203,0.7965150248234625,0.06758309083993617,5,227,0.9750681775826285,COMPLETE
67,0.8536516162654353,2026-04-04 10:38:35.318820,2026-04-04 10:38:35.760161,0 days 00:00:00.441341,0.7422269899109869,0.0985829716793156,5,195,0.9880617785232173,COMPLETE
68,0.8570892745986478,2026-04-04 10:38:35.760435,2026-04-04 10:38:36.264346,0 days 00:00:00.503911,0.8144743511896269,0.05131037515076997,5,235,0.9450704062447797,COMPLETE
69,0.8534053764530465,2026-04-04 10:38:36.264605,2026-04-04 10:38:36.796768,0 days 00:00:00.532163,0.7027849533379751,0.045948352020369836,5,245,0.9697846731892564,COMPLETE
70,0.8561769857699156,2026-04-04 10:38:36.797050,2026-04-04 10:38:37.267327,0 days 00:00:00.470277,0.7750553356283655,0.06202808429685873,5,207,0.7547278725330542,COMPLETE
71,0.856449427467103,2026-04-04 10:38:37.267643,2026-04-04 10:38:37.798405,0 days 00:00:00.530762,0.8147805412055986,0.04992592175929,5,235,0.9474236185927618,COMPLETE
72,0.8575066228520969,2026-04-04 10:38:37.798667,2026-04-04 10:38:38.303034,0 days 00:00:00.504367,0.8312853725955159,0.05186702005869046,5,237,0.98071661304311,COMPLETE
73,0.8552842397834363,2026-04-04 10:38:38.303318,2026-04-04 10:38:38.708029,0 days 00:00:00.404711,0.8416440071380733,0.056243994106738776,5,186,0.9856540598983207,COMPLETE
74,0.8570646650935885,2026-04-04 10:38:38.708299,2026-04-04 10:38:39.175892,0 days 00:00:00.467593,0.8354395097942303,0.05344013564662542,5,218,0.9623938725500429,COMPLETE
75,0.855431896813793,2026-04-04 10:38:39.176172,2026-04-04 10:38:39.685442,0 days 00:00:00.509270,0.8276956661980613,0.04510692765171986,5,240,0.9996953754050149,COMPLETE
76,0.8573858915155113,2026-04-04 10:38:39.685719,2026-04-04 10:38:40.243368,0 days 00:00:00.557649,0.7930943618393138,0.07286405414261649,5,249,0.9789886754696854,COMPLETE
77,0.8565585778601311,2026-04-04 10:38:40.243633,2026-04-04 10:38:40.778405,0 days 00:00:00.534772,0.8018507271282931,0.072188459427968,5,249,0.9764438717546075,COMPLETE
78,0.8537546866630958,2026-04-04 10:38:40.778728,2026-04-04 10:38:41.446763,0 days 00:00:00.668035,0.792163497625845,0.0885029021412077,6,260,0.9676962995892906,COMPLETE
79,0.8560946163088637,2026-04-04 10:38:41.447023,2026-04-04 10:38:41.938422,0 days 00:00:00.491399,0.8198512858593088,0.07935180967628265,5,227,0.9803178114531043,COMPLETE
80,0.8508810202811274,2026-04-04 10:38:41.938701,2026-04-04 10:38:42.547716,0 days 00:00:00.609015,0.7834250079601022,0.014842172999858485,5,271,0.957147413516599,COMPLETE
81,0.8575552628150379,2026-04-04 10:38:42.547997,2026-04-04 10:38:43.082000,0 days 00:00:00.534003,0.7632543566136324,0.0664314746590322,5,246,0.9857209380215683,COMPLETE
82,0.8580451367275148,2026-04-04 10:38:43.082268,2026-04-04 10:38:43.603057,0 days 00:00:00.520789,0.8056097156708294,0.06600837787538621,5,246,0.9955738684383676,COMPLETE
83,0.8572702268417318,2026-04-04 10:38:43.603338,2026-04-04 10:38:44.135781,0 days 00:00:00.532443,0.8080023512387903,0.06567705796882176,5,246,0.9923386356385436,COMPLETE
84,0.8583012203419274,2026-04-04 10:38:44.136059,2026-04-04 10:38:44.695138,0 days 00:00:00.559079,0.8037991251170936,0.06616319595801749,5,253,0.9921090155596078,COMPLETE
85,0.8575953618321053,2026-04-04 10:38:44.695420,2026-04-04 10:38:45.257769,0 days 00:00:00.562349,0.7964220851834009,0.07469263247686128,5,253,0.9946117723980636,COMPLETE
86,0.8577512702847465,2026-04-04 10:38:45.258046,2026-04-04 10:38:45.807324,0 days 00:00:00.549278,0.7998804129268685,0.07473419004347306,5,253,0.9900802633608866,COMPLETE
87,0.8565692902329218,2026-04-04 10:38:45.807620,2026-04-04 10:38:46.363238,0 days 00:00:00.555618,0.7879531875114822,0.07686483039015249,5,253,0.9936066730949434,COMPLETE
88,0.8582498299048915,2026-04-04 10:38:46.363560,2026-04-04 10:38:46.897292,0 days 00:00:00.533732,0.9686874773888721,0.07447401599565241,5,250,0.9796898014960423,COMPLETE
89,0.8558579307749098,2026-04-04 10:38:46.897560,2026-04-04 10:38:47.535881,0 days 00:00:00.638321,0.9133794031350458,0.06731702418819847,6,263,0.9678855029539598,COMPLETE
90,0.8577718264595608,2026-04-04 10:38:47.536155,2026-04-04 10:38:48.075066,0 days 00:00:00.538911,0.8320248266432481,0.08463388016876278,5,254,0.9948357328750028,COMPLETE
91,0.8564492827053085,2026-04-04 10:38:48.075330,2026-04-04 10:38:48.596581,0 days 00:00:00.521251,0.9534149465312847,0.08378980331688897,5,244,0.9919892559426553,COMPLETE
92,0.8579940358140679,2026-04-04 10:38:48.596852,2026-04-04 10:38:49.140567,0 days 00:00:00.543715,0.8302582543940913,0.07684335103735808,5,255,0.9997977511495851,COMPLETE
93,0.8578785159020832,2026-04-04 10:38:49.140833,2026-04-04 10:38:49.716030,0 days 00:00:00.575197,0.9759322485733352,0.08629391698300862,5,268,0.9980489556527783,COMPLETE
94,0.8568980442681567,2026-04-04 10:38:49.716298,2026-04-04 10:38:50.276853,0 days 00:00:00.560555,0.9743224199823078,0.08671081966535792,5,267,0.9994085286760366,COMPLETE
95,0.8564604293634824,2026-04-04 10:38:50.277131,2026-04-04 10:38:50.868420,0 days 00:00:00.591289,0.9778693289456122,0.07546896589699287,5,282,0.994432305891043,COMPLETE
96,0.8563178389959322,2026-04-04 10:38:50.868694,2026-04-04 10:38:51.420915,0 days 00:00:00.552221,0.9594227312841903,0.09392855776742019,5,254,0.9732608289019029,COMPLETE
97,0.8564143951128419,2026-04-04 10:38:51.421188,2026-04-04 10:38:52.006356,0 days 00:00:00.585168,0.9721279305199255,0.08116469708986769,5,275,0.9801217448747652,COMPLETE
98,0.855800315580712,2026-04-04 10:38:52.006627,2026-04-04 10:38:52.658111,0 days 00:00:00.651484,0.8607774896633061,0.08442142883816545,5,295,0.9612041877987875,COMPLETE
99,0.8549877676283676,2026-04-04 10:38:52.658381,2026-04-04 10:38:53.179346,0 days 00:00:00.520965,0.9922963588516445,0.09523763300708446,5,269,0.9928195338450111,COMPLETE
