number,value,datetime_start,datetime_complete,duration,params_colsample_bytree,params_learning_rate,params_max_depth,params_n_estimators,params_subsample,state
0,0.9108754117304283,2026-04-05 12:36:58.945054,2026-04-05 12:36:59.427752,0 days 00:00:00.482698,0.7468055921327309,0.05395030966670229,6,175,0.8795975452591109,COMPLETE
1,0.9086888330312743,2026-04-05 12:36:59.428014,2026-04-05 12:36:59.640568,0 days 00:00:00.212554,0.9124217733388136,0.07348118405270448,3,131,0.8803345035229626,COMPLETE
2,0.9113151176055192,2026-04-05 12:36:59.640835,2026-04-05 12:36:59.917304,0 days 00:00:00.276469,0.7545474901621302,0.06798962421591129,6,104,0.7637017332034828,COMPLETE
3,0.9079101625193211,2026-04-05 12:36:59.917588,2026-04-05 12:37:00.182770,0 days 00:00:00.265182,0.7873687420594125,0.033477763085159346,4,136,0.8295835055926347,COMPLETE
4,0.9043065891683415,2026-04-05 12:37:00.183042,2026-04-05 12:37:00.566640,0 days 00:00:00.383598,0.8368209952651108,0.019594972058679168,3,222,0.8099085529881075,COMPLETE
5,0.9084326342352307,2026-04-05 12:37:00.566916,2026-04-05 12:37:00.986128,0 days 00:00:00.419212,0.7139351238159993,0.032676417657817626,3,257,0.8777243706586128,COMPLETE
6,0.9005425211976354,2026-04-05 12:37:00.986385,2026-04-05 12:37:01.351702,0 days 00:00:00.365317,0.9896896099223678,0.011615865989246453,3,222,0.984665661176,COMPLETE
7,0.9065107482012257,2026-04-05 12:37:01.351962,2026-04-05 12:37:01.859134,0 days 00:00:00.507172,0.8320457481218804,0.012521954287060391,4,262,0.905269907953647,COMPLETE
8,0.9021473686289809,2026-04-05 12:37:01.859407,2026-04-05 12:37:02.098309,0 days 00:00:00.238902,0.777633994480005,0.01082401838150096,4,124,0.9727961206236346,COMPLETE
9,0.9102077541123659,2026-04-05 12:37:02.098590,2026-04-05 12:37:02.560943,0 days 00:00:00.462353,0.7554563366576581,0.03311829888072381,4,233,0.8640130838029839,COMPLETE
10,0.9102965446742947,2026-04-05 12:37:02.561217,2026-04-05 12:37:03.024225,0 days 00:00:00.463008,0.8955599652334535,0.09322601292624816,6,177,0.7088816251071088,COMPLETE
11,0.9116447982459173,2026-04-05 12:37:03.024500,2026-04-05 12:37:03.504697,0 days 00:00:00.480197,0.7022591914859718,0.05389852582823712,6,175,0.7539498451855433,COMPLETE
12,0.9113906735341901,2026-04-05 12:37:03.504979,2026-04-05 12:37:03.808000,0 days 00:00:00.303021,0.7049889933571869,0.055565179562094905,6,106,0.7450243818127971,COMPLETE
13,0.9118011446970108,2026-04-05 12:37:03.808303,2026-04-05 12:37:04.217265,0 days 00:00:00.408962,0.7019702870918414,0.0470147316725507,5,167,0.7025744588346193,COMPLETE
14,0.9116171437883644,2026-04-05 12:37:04.217528,2026-04-05 12:37:04.634381,0 days 00:00:00.416853,0.7043901420584221,0.0494836027815246,5,172,0.714604589982005,COMPLETE
15,0.9112180307063246,2026-04-05 12:37:04.634747,2026-04-05 12:37:05.348032,0 days 00:00:00.713285,0.7970727423480476,0.022019086029334355,5,294,0.7803479006588697,COMPLETE
16,0.9108872636408082,2026-04-05 12:37:05.348347,2026-04-05 12:37:05.731252,0 days 00:00:00.382905,0.9006342732767837,0.04332074611673467,5,157,0.7368504864605472,COMPLETE
17,0.9103956068918859,2026-04-05 12:37:05.731518,2026-04-05 12:37:06.219894,0 days 00:00:00.488376,0.9988050968083639,0.023255814895550037,5,203,0.7885379020373973,COMPLETE
18,0.9113637104380763,2026-04-05 12:37:06.220176,2026-04-05 12:37:06.741889,0 days 00:00:00.521713,0.7330331351099882,0.04187739196728025,6,189,0.7373405922999589,COMPLETE
19,0.9117031689045377,2026-04-05 12:37:06.742188,2026-04-05 12:37:07.105196,0 days 00:00:00.363008,0.8054564974399636,0.09316866059282886,5,152,0.7032967567731313,COMPLETE
20,0.9114622788260683,2026-04-05 12:37:07.105465,2026-04-05 12:37:07.465447,0 days 00:00:00.359982,0.874726777320204,0.09941845378116429,5,149,0.9363719784876223,COMPLETE
21,0.9108229670269977,2026-04-05 12:37:07.465706,2026-04-05 12:37:07.848835,0 days 00:00:00.383129,0.8171281001329198,0.07078354465511351,5,156,0.7007034305505191,COMPLETE
22,0.9100571360846227,2026-04-05 12:37:07.849098,2026-04-05 12:37:08.396474,0 days 00:00:00.547376,0.72953379999681,0.08157068195656773,6,196,0.7545651509802123,COMPLETE
23,0.9114965506002498,2026-04-05 12:37:08.396761,2026-04-05 12:37:08.755519,0 days 00:00:00.358758,0.9441981116733494,0.06216552890990406,5,146,0.7220318350396578,COMPLETE
24,0.911420797139739,2026-04-05 12:37:08.755807,2026-04-05 12:37:09.180306,0 days 00:00:00.424499,0.7713090962983292,0.04392932307956484,5,173,0.7798946175961018,COMPLETE
25,0.9097108627696926,2026-04-05 12:37:09.180594,2026-04-05 12:37:09.732854,0 days 00:00:00.552260,0.8631842121928633,0.08274988004939426,6,209,0.7008413533755967,COMPLETE
26,0.9063316855885708,2026-04-05 12:37:09.733126,2026-04-05 12:37:09.973989,0 days 00:00:00.240863,0.7299928604238988,0.026855169717792893,4,117,0.8160725988645344,COMPLETE
27,0.9108481523365547,2026-04-05 12:37:09.974246,2026-04-05 12:37:10.427535,0 days 00:00:00.453289,0.8072513810834343,0.03845551487844828,5,187,0.7303469214715811,COMPLETE
28,0.911141487118455,2026-04-05 12:37:10.427821,2026-04-05 12:37:10.878652,0 days 00:00:00.450831,0.7604967983883388,0.05938323138932663,6,165,0.7685188601126367,COMPLETE
29,0.9109480046815046,2026-04-05 12:37:10.878935,2026-04-05 12:37:11.257802,0 days 00:00:00.378867,0.7398918765961264,0.05122534380544044,6,138,0.8041071561413503,COMPLETE
30,0.9108082509049427,2026-04-05 12:37:11.258113,2026-04-05 12:37:11.686781,0 days 00:00:00.428668,0.7219130349253008,0.0854924235703653,5,181,0.8384924023240878,COMPLETE
31,0.9117164035377953,2026-04-05 12:37:11.687076,2026-04-05 12:37:12.074332,0 days 00:00:00.387256,0.7035305263493753,0.05643938424068034,5,167,0.7200965697017855,COMPLETE
32,0.9114197107146209,2026-04-05 12:37:12.074607,2026-04-05 12:37:12.453394,0 days 00:00:00.378787,0.7066942458919461,0.0498633371725682,5,157,0.7262694988008781,COMPLETE
33,0.9111332895471089,2026-04-05 12:37:12.453665,2026-04-05 12:37:12.794600,0 days 00:00:00.340935,0.7414581542387594,0.06528669473983106,4,166,0.7524976607939787,COMPLETE
34,0.9109567948483696,2026-04-05 12:37:12.794873,2026-04-05 12:37:13.188177,0 days 00:00:00.393304,0.7010972733261144,0.07332768934860437,6,142,0.7197977281867068,COMPLETE
35,0.9091396006893862,2026-04-05 12:37:13.188450,2026-04-05 12:37:13.500144,0 days 00:00:00.311694,0.7649408634997088,0.02824702851084233,5,126,0.7638120110731246,COMPLETE
36,0.9118511202524456,2026-04-05 12:37:13.500418,2026-04-05 12:37:14.008157,0 days 00:00:00.507739,0.9470833858378597,0.03803693497338008,5,213,0.748412297778408,COMPLETE
37,0.9117614407972385,2026-04-05 12:37:14.008449,2026-04-05 12:37:14.524910,0 days 00:00:00.516461,0.9396787891282813,0.03799558715714711,5,214,0.7111980554460943,COMPLETE
38,0.9105881016696378,2026-04-05 12:37:14.525178,2026-04-05 12:37:14.994854,0 days 00:00:00.469676,0.942361503374821,0.039247013540126406,4,235,0.7979248907827752,COMPLETE
39,0.909251798774315,2026-04-05 12:37:14.995145,2026-04-05 12:37:15.515931,0 days 00:00:00.520786,0.9676293763695202,0.015429594119475832,5,216,0.7370903059445292,COMPLETE
40,0.910543360707954,2026-04-05 12:37:15.516235,2026-04-05 12:37:16.021005,0 days 00:00:00.504770,0.9156449635528953,0.03585074749108745,4,249,0.7176279024624991,COMPLETE
41,0.9112314628714215,2026-04-05 12:37:16.021275,2026-04-05 12:37:16.473447,0 days 00:00:00.452172,0.9439180571777689,0.029625421697106226,5,195,0.7117124251121987,COMPLETE
42,0.9116303784216218,2026-04-05 12:37:16.473718,2026-04-05 12:37:16.974534,0 days 00:00:00.500816,0.9221201395958222,0.03591732243298768,5,217,0.7007476925190395,COMPLETE
43,0.9115692423172461,2026-04-05 12:37:16.974818,2026-04-05 12:37:17.465318,0 days 00:00:00.490500,0.9616119718438625,0.04542344227358911,5,204,0.7291959121281115,COMPLETE
44,0.9111651909392146,2026-04-05 12:37:17.465595,2026-04-05 12:37:17.911070,0 days 00:00:00.445475,0.8374378229645436,0.047202648626265345,5,183,0.7452984323772206,COMPLETE
45,0.9113478091249834,2026-04-05 12:37:17.911363,2026-04-05 12:37:18.356709,0 days 00:00:00.445346,0.9768581455946831,0.05649873729096534,4,226,0.7133173209896637,COMPLETE
46,0.9089200440496001,2026-04-05 12:37:18.356974,2026-04-05 12:37:18.666255,0 days 00:00:00.309281,0.8797740579222215,0.032244144629715,5,132,0.8946886893685754,COMPLETE
47,0.9108402510629683,2026-04-05 12:37:18.666525,2026-04-05 12:37:19.200634,0 days 00:00:00.534109,0.7874429261914294,0.02413133972564163,5,236,0.7760487027223786,COMPLETE
48,0.9101517538358214,2026-04-05 12:37:19.200910,2026-04-05 12:37:19.764563,0 days 00:00:00.563653,0.9272184952514155,0.017781386545234108,5,246,0.7474009491670993,COMPLETE
49,0.910465434397207,2026-04-05 12:37:19.764820,2026-04-05 12:37:20.175595,0 days 00:00:00.410775,0.8966008305761382,0.03686844091399403,4,212,0.7617555273934516,COMPLETE
50,0.9115857362258579,2026-04-05 12:37:20.175880,2026-04-05 12:37:20.820725,0 days 00:00:00.644845,0.7510703040726703,0.04166388130782747,5,287,0.8622008396955351,COMPLETE
51,0.9089318959599801,2026-04-05 12:37:20.820996,2026-04-05 12:37:21.108380,0 days 00:00:00.287384,0.7127094500183307,0.056147704541202464,3,170,0.7345729036103089,COMPLETE
52,0.9111214376367291,2026-04-05 12:37:21.108635,2026-04-05 12:37:21.532235,0 days 00:00:00.423600,0.7181513052253714,0.06699425295157868,6,162,0.7132329896001546,COMPLETE
53,0.9113188707104726,2026-04-05 12:37:21.532513,2026-04-05 12:37:22.043341,0 days 00:00:00.510828,0.8534112254369983,0.052054549403889136,6,195,0.7004544336132329,COMPLETE
54,0.9108385720423311,2026-04-05 12:37:22.043611,2026-04-05 12:37:22.436448,0 days 00:00:00.392837,0.7227939593020508,0.07880308227752716,5,177,0.930474124072663,COMPLETE
55,0.9098137768581572,2026-04-05 12:37:22.436719,2026-04-05 12:37:22.834050,0 days 00:00:00.397331,0.8205463659562059,0.09148331435815368,6,153,0.7435893558369405,COMPLETE
56,0.9113635129062365,2026-04-05 12:37:22.834324,2026-04-05 12:37:23.259580,0 days 00:00:00.425256,0.9323322591373914,0.04041998337825238,5,186,0.7264519677914275,COMPLETE
57,0.910778818660833,2026-04-05 12:37:23.259852,2026-04-05 12:37:23.600421,0 days 00:00:00.340569,0.9071782726817326,0.04714287409383349,5,148,0.7575575680634035,COMPLETE
58,0.9101035560669436,2026-04-05 12:37:23.600687,2026-04-05 12:37:24.323237,0 days 00:00:00.722550,0.8811694443754587,0.060987230583495214,6,225,0.787775767659703,COMPLETE
59,0.9112010429681134,2026-04-05 12:37:24.323508,2026-04-05 12:37:24.798010,0 days 00:00:00.474502,0.7783529735339356,0.03400376524452717,5,203,0.8177009223441182,COMPLETE
60,0.9096714551676799,2026-04-05 12:37:24.798300,2026-04-05 12:37:25.111889,0 days 00:00:00.313589,0.9593780907602414,0.055604282392563265,3,192,0.7076624420343097,COMPLETE
61,0.9117694408367448,2026-04-05 12:37:25.112163,2026-04-05 12:37:25.608034,0 days 00:00:00.495871,0.9204533934297364,0.030870361168865382,5,219,0.7021780266625485,COMPLETE
62,0.9104035081654724,2026-04-05 12:37:25.608307,2026-04-05 12:37:26.009687,0 days 00:00:00.401380,0.9515034572409502,0.030715710100047304,5,177,0.7245694321423951,COMPLETE
63,0.9110730423360115,2026-04-05 12:37:26.009972,2026-04-05 12:37:26.478340,0 days 00:00:00.468368,0.9753385391713931,0.025446593538395467,5,207,0.7074070592769741,COMPLETE
64,0.9106156573612709,2026-04-05 12:37:26.478611,2026-04-05 12:37:26.997554,0 days 00:00:00.518943,0.7132167179691127,0.021668701816039727,5,230,0.7407878394441194,COMPLETE
65,0.9105380273482833,2026-04-05 12:37:26.997836,2026-04-05 12:37:27.371790,0 days 00:00:00.373954,0.9869968204570994,0.03389574175035567,5,164,0.7198924706916795,COMPLETE
66,0.9110180297186652,2026-04-05 12:37:27.372055,2026-04-05 12:37:27.791655,0 days 00:00:00.419600,0.9336454626456627,0.04356276358966042,4,218,0.7315690597645851,COMPLETE
67,0.9114016365512916,2026-04-05 12:37:27.791927,2026-04-05 12:37:28.385102,0 days 00:00:00.593175,0.7388763981163406,0.02887839099869334,5,266,0.751944788107501,COMPLETE
68,0.9110190173778636,2026-04-05 12:37:28.385369,2026-04-05 12:37:28.904346,0 days 00:00:00.518977,0.705378159610127,0.03838708983368568,6,200,0.9917707395645003,COMPLETE
69,0.9117955150395803,2026-04-05 12:37:28.904620,2026-04-05 12:37:29.459045,0 days 00:00:00.554425,0.7279111946632029,0.04923091238625785,5,240,0.7082454756434374,COMPLETE
70,0.9116071684304613,2026-04-05 12:37:29.459330,2026-04-05 12:37:30.004098,0 days 00:00:00.544768,0.8900648957708702,0.050516296676576346,5,242,0.7091109414561791,COMPLETE
71,0.9117812927471247,2026-04-05 12:37:30.004360,2026-04-05 12:37:30.579326,0 days 00:00:00.574966,0.7317899734600927,0.04677432450682159,5,257,0.719204037945237,COMPLETE
72,0.9117583790537238,2026-04-05 12:37:30.579599,2026-04-05 12:37:31.183869,0 days 00:00:00.604270,0.7258911160482929,0.04592596152790723,5,268,0.7197165488358357,COMPLETE
73,0.9116766008721031,2026-04-05 12:37:31.184147,2026-04-05 12:37:31.783742,0 days 00:00:00.599595,0.7324588582459903,0.046093597888724615,5,266,0.7210242209799944,COMPLETE
74,0.9114574392959965,2026-04-05 12:37:31.784023,2026-04-05 12:37:32.357976,0 days 00:00:00.573953,0.7445297164284581,0.04184736164962824,5,256,0.7149563198482412,COMPLETE
75,0.9116848972093688,2026-04-05 12:37:32.358251,2026-04-05 12:37:32.974719,0 days 00:00:00.616468,0.7254395491788034,0.047177473837019965,5,275,0.7333023225978152,COMPLETE
76,0.9117320085531286,2026-04-05 12:37:32.974985,2026-04-05 12:37:33.533600,0 days 00:00:00.558615,0.7535192378765272,0.03728003940162076,5,250,0.7070472271551275,COMPLETE
77,0.911582773248263,2026-04-05 12:37:33.533865,2026-04-05 12:37:34.114515,0 days 00:00:00.580650,0.7526785265851751,0.03934201766766101,5,257,0.7086614215495525,COMPLETE
78,0.9115443533054485,2026-04-05 12:37:34.114779,2026-04-05 12:37:34.718859,0 days 00:00:00.604080,0.758563033558399,0.036414879776550446,5,274,0.7014571386138468,COMPLETE
79,0.9114523034681653,2026-04-05 12:37:34.719132,2026-04-05 12:37:35.284968,0 days 00:00:00.565836,0.7344877970975179,0.032278287743669705,5,251,0.7259138889935056,COMPLETE
80,0.9104671134178441,2026-04-05 12:37:35.285237,2026-04-05 12:37:35.827162,0 days 00:00:00.541925,0.9140663487441517,0.0267579773033578,5,240,0.969283673397111,COMPLETE
81,0.9117715149210615,2026-04-05 12:37:35.827435,2026-04-05 12:37:36.414245,0 days 00:00:00.586810,0.7138561904828312,0.0533027118700455,5,262,0.7205367517675231,COMPLETE
82,0.9114343280707559,2026-04-05 12:37:36.414524,2026-04-05 12:37:37.036299,0 days 00:00:00.621775,0.7135799567110157,0.04415149929530531,5,279,0.7160896086952989,COMPLETE
83,0.9116922058874365,2026-04-05 12:37:37.036568,2026-04-05 12:37:37.629850,0 days 00:00:00.593282,0.7257183115524546,0.051588462360306495,5,264,0.7396244678236783,COMPLETE
84,0.9113651919268737,2026-04-05 12:37:37.630129,2026-04-05 12:37:38.187110,0 days 00:00:00.556981,0.7468439356007815,0.048749839036462995,5,251,0.7056146742468702,COMPLETE
85,0.9117402061244747,2026-04-05 12:37:38.187371,2026-04-05 12:37:38.787211,0 days 00:00:00.599840,0.7167732899214979,0.03793909418164956,5,259,0.7315517078474453,COMPLETE
86,0.9117513666734155,2026-04-05 12:37:38.787490,2026-04-05 12:37:39.369167,0 days 00:00:00.581677,0.7182865283676064,0.041711136601958035,5,259,0.7716360753433783,COMPLETE
87,0.9117284529800147,2026-04-05 12:37:39.369446,2026-04-05 12:37:40.003614,0 days 00:00:00.634168,0.951842799156475,0.041983549872062424,5,284,0.7706923381785113,COMPLETE
88,0.9114566491686378,2026-04-05 12:37:40.003884,2026-04-05 12:37:40.611566,0 days 00:00:00.607682,0.7106054898502925,0.06311651351944729,5,272,0.7495215838815433,COMPLETE
89,0.9114068711450427,2026-04-05 12:37:40.611838,2026-04-05 12:37:41.129357,0 days 00:00:00.517519,0.7667841376448049,0.0448478524345457,5,229,0.7209159024025672,COMPLETE
90,0.9111136351290624,2026-04-05 12:37:41.129637,2026-04-05 12:37:41.794107,0 days 00:00:00.664470,0.7014800578120771,0.058189302299932515,5,300,0.742601278890058,COMPLETE
91,0.9114844023921106,2026-04-05 12:37:41.794383,2026-04-05 12:37:42.375513,0 days 00:00:00.581130,0.7223631895966728,0.0530937977848482,5,258,0.7330348575158251,COMPLETE
92,0.9116721564057106,2026-04-05 12:37:42.375794,2026-04-05 12:37:42.917838,0 days 00:00:00.542044,0.7189640882739035,0.0353262805445309,5,241,0.7286059972552218,COMPLETE
93,0.9115690447854065,2026-04-05 12:37:42.918099,2026-04-05 12:37:43.416328,0 days 00:00:00.498229,0.7309963391333392,0.04013831298721298,5,221,0.7570679563687649,COMPLETE
94,0.9115006987688828,2026-04-05 12:37:43.416573,2026-04-05 12:37:43.972889,0 days 00:00:00.556316,0.7375612008241037,0.049192986404541394,5,246,0.71508668465106,COMPLETE
95,0.9113342781939664,2026-04-05 12:37:43.973166,2026-04-05 12:37:44.560028,0 days 00:00:00.586862,0.710949107264475,0.030684952534885873,5,261,0.7360469394510101,COMPLETE
96,0.9113683524363082,2026-04-05 12:37:44.560301,2026-04-05 12:37:45.043068,0 days 00:00:00.482767,0.7182243470399545,0.034708185160131945,5,213,0.7001280967077742,COMPLETE
97,0.911587415246495,2026-04-05 12:37:45.043354,2026-04-05 12:37:45.651857,0 days 00:00:00.608503,0.7003335055157015,0.042514515472463155,5,269,0.7244879521278622,COMPLETE
98,0.9117366505513609,2026-04-05 12:37:45.652124,2026-04-05 12:37:46.220103,0 days 00:00:00.567979,0.727402720320693,0.0535813320136,5,254,0.7119867955175,COMPLETE
99,0.9117269714912171,2026-04-05 12:37:46.220366,2026-04-05 12:37:46.846159,0 days 00:00:00.625793,0.935052193858297,0.03851513552486321,5,278,0.7659392978164786,COMPLETE
